
Initial board

	----------------
	|  4 |  1 |  3 |
	----------------
	|    |  2 |  6 |
	----------------
	|  7 |  5 |  8 |
	----------------

Tile 4 Down ⮟

	----------------
	|    |  1 |  3 |
	----------------
	|  4 |  2 |  6 |
	----------------
	|  7 |  5 |  8 |
	----------------

Tile 1 Left ⮜

	----------------
	|  1 |    |  3 |
	----------------
	|  4 |  2 |  6 |
	----------------
	|  7 |  5 |  8 |
	----------------

Tile 2 Up ⮝

	----------------
	|  1 |  2 |  3 |
	----------------
	|  4 |    |  6 |
	----------------
	|  7 |  5 |  8 |
	----------------

Tile 6 Left ⮜

	----------------
	|  1 |  2 |  3 |
	----------------
	|  4 |  6 |    |
	----------------
	|  7 |  5 |  8 |
	----------------

Tile 3 Down ⮟

	----------------
	|  1 |  2 |    |
	----------------
	|  4 |  6 |  3 |
	----------------
	|  7 |  5 |  8 |
	----------------

Tile 2 Right ⮞

	----------------
	|  1 |    |  2 |
	----------------
	|  4 |  6 |  3 |
	----------------
	|  7 |  5 |  8 |
	----------------

Tile 6 Up ⮝

	----------------
	|  1 |  6 |  2 |
	----------------
	|  4 |    |  3 |
	----------------
	|  7 |  5 |  8 |
	----------------

Tile 5 Up ⮝

	----------------
	|  1 |  6 |  2 |
	----------------
	|  4 |  5 |  3 |
	----------------
	|  7 |    |  8 |
	----------------

Tile 8 Left ⮜

	----------------
	|  1 |  6 |  2 |
	----------------
	|  4 |  5 |  3 |
	----------------
	|  7 |  8 |    |
	----------------

Tile 3 Down ⮟

	----------------
	|  1 |  6 |  2 |
	----------------
	|  4 |  5 |    |
	----------------
	|  7 |  8 |  3 |
	----------------

Tile 3 Up ⮝

	----------------
	|  1 |  6 |  2 |
	----------------
	|  4 |  5 |  3 |
	----------------
	|  7 |  8 |    |
	----------------

Tile 8 Right ⮞

	----------------
	|  1 |  6 |  2 |
	----------------
	|  4 |  5 |  3 |
	----------------
	|  7 |    |  8 |
	----------------

Tile 5 Down ⮟

	----------------
	|  1 |  6 |  2 |
	----------------
	|  4 |    |  3 |
	----------------
	|  7 |  5 |  8 |
	----------------

Tile 6 Down ⮟

	----------------
	|  1 |    |  2 |
	----------------
	|  4 |  6 |  3 |
	----------------
	|  7 |  5 |  8 |
	----------------

Tile 2 Left ⮜

	----------------
	|  1 |  2 |    |
	----------------
	|  4 |  6 |  3 |
	----------------
	|  7 |  5 |  8 |
	----------------

Tile 3 Up ⮝

	----------------
	|  1 |  2 |  3 |
	----------------
	|  4 |  6 |    |
	----------------
	|  7 |  5 |  8 |
	----------------

Tile 6 Right ⮞

	----------------
	|  1 |  2 |  3 |
	----------------
	|  4 |    |  6 |
	----------------
	|  7 |  5 |  8 |
	----------------

Tile 5 Up ⮝

	----------------
	|  1 |  2 |  3 |
	----------------
	|  4 |  5 |  6 |
	----------------
	|  7 |    |  8 |
	----------------

Tile 8 Left ⮜

	----------------
	|  1 |  2 |  3 |
	----------------
	|  4 |  5 |  6 |
	----------------
	|  7 |  8 |    |
	----------------

