
====<  Solved in 0.004 s, and in 45 steps  >====


	= INITIAL BOARD =

	----------------
	|  2 |  3 |  5 |
	----------------
	|    |  7 |  8 |
	----------------
	|  6 |  1 |  4 |
	----------------

STEP 1: Move tile 7 to the left ⮜

	----------------
	|  2 |  3 |  5 |
	----------------
	|  7 |    |  8 |
	----------------
	|  6 |  1 |  4 |
	----------------

STEP 2: Move tile 1 up ⮝

	----------------
	|  2 |  3 |  5 |
	----------------
	|  7 |  1 |  8 |
	----------------
	|  6 |    |  4 |
	----------------

STEP 3: Move tile 6 to the right ⮞

	----------------
	|  2 |  3 |  5 |
	----------------
	|  7 |  1 |  8 |
	----------------
	|    |  6 |  4 |
	----------------

STEP 4: Move tile 7 down ⮟

	----------------
	|  2 |  3 |  5 |
	----------------
	|    |  1 |  8 |
	----------------
	|  7 |  6 |  4 |
	----------------

STEP 5: Move tile 2 down ⮟

	----------------
	|    |  3 |  5 |
	----------------
	|  2 |  1 |  8 |
	----------------
	|  7 |  6 |  4 |
	----------------

STEP 6: Move tile 3 to the left ⮜

	----------------
	|  3 |    |  5 |
	----------------
	|  2 |  1 |  8 |
	----------------
	|  7 |  6 |  4 |
	----------------

STEP 7: Move tile 1 up ⮝

	----------------
	|  3 |  1 |  5 |
	----------------
	|  2 |    |  8 |
	----------------
	|  7 |  6 |  4 |
	----------------

STEP 8: Move tile 2 to the right ⮞

	----------------
	|  3 |  1 |  5 |
	----------------
	|    |  2 |  8 |
	----------------
	|  7 |  6 |  4 |
	----------------

STEP 9: Move tile 3 down ⮟

	----------------
	|    |  1 |  5 |
	----------------
	|  3 |  2 |  8 |
	----------------
	|  7 |  6 |  4 |
	----------------

STEP 10: Move tile 1 to the left ⮜

	----------------
	|  1 |    |  5 |
	----------------
	|  3 |  2 |  8 |
	----------------
	|  7 |  6 |  4 |
	----------------

STEP 11: Move tile 2 up ⮝

	----------------
	|  1 |  2 |  5 |
	----------------
	|  3 |    |  8 |
	----------------
	|  7 |  6 |  4 |
	----------------

STEP 12: Move tile 6 up ⮝

	----------------
	|  1 |  2 |  5 |
	----------------
	|  3 |  6 |  8 |
	----------------
	|  7 |    |  4 |
	----------------

STEP 13: Move tile 7 to the right ⮞

	----------------
	|  1 |  2 |  5 |
	----------------
	|  3 |  6 |  8 |
	----------------
	|    |  7 |  4 |
	----------------

STEP 14: Move tile 3 down ⮟

	----------------
	|  1 |  2 |  5 |
	----------------
	|    |  6 |  8 |
	----------------
	|  3 |  7 |  4 |
	----------------

STEP 15: Move tile 6 to the left ⮜

	----------------
	|  1 |  2 |  5 |
	----------------
	|  6 |    |  8 |
	----------------
	|  3 |  7 |  4 |
	----------------

STEP 16: Move tile 7 up ⮝

	----------------
	|  1 |  2 |  5 |
	----------------
	|  6 |  7 |  8 |
	----------------
	|  3 |    |  4 |
	----------------

STEP 17: Move tile 3 to the right ⮞

	----------------
	|  1 |  2 |  5 |
	----------------
	|  6 |  7 |  8 |
	----------------
	|    |  3 |  4 |
	----------------

STEP 18: Move tile 6 down ⮟

	----------------
	|  1 |  2 |  5 |
	----------------
	|    |  7 |  8 |
	----------------
	|  6 |  3 |  4 |
	----------------

STEP 19: Move tile 7 to the left ⮜

	----------------
	|  1 |  2 |  5 |
	----------------
	|  7 |    |  8 |
	----------------
	|  6 |  3 |  4 |
	----------------

STEP 20: Move tile 8 to the left ⮜

	----------------
	|  1 |  2 |  5 |
	----------------
	|  7 |  8 |    |
	----------------
	|  6 |  3 |  4 |
	----------------

STEP 21: Move tile 4 up ⮝

	----------------
	|  1 |  2 |  5 |
	----------------
	|  7 |  8 |  4 |
	----------------
	|  6 |  3 |    |
	----------------

STEP 22: Move tile 3 to the right ⮞

	----------------
	|  1 |  2 |  5 |
	----------------
	|  7 |  8 |  4 |
	----------------
	|  6 |    |  3 |
	----------------

STEP 23: Move tile 8 down ⮟

	----------------
	|  1 |  2 |  5 |
	----------------
	|  7 |    |  4 |
	----------------
	|  6 |  8 |  3 |
	----------------

STEP 24: Move tile 4 to the left ⮜

	----------------
	|  1 |  2 |  5 |
	----------------
	|  7 |  4 |    |
	----------------
	|  6 |  8 |  3 |
	----------------

STEP 25: Move tile 5 down ⮟

	----------------
	|  1 |  2 |    |
	----------------
	|  7 |  4 |  5 |
	----------------
	|  6 |  8 |  3 |
	----------------

STEP 26: Move tile 2 to the right ⮞

	----------------
	|  1 |    |  2 |
	----------------
	|  7 |  4 |  5 |
	----------------
	|  6 |  8 |  3 |
	----------------

STEP 27: Move tile 4 up ⮝

	----------------
	|  1 |  4 |  2 |
	----------------
	|  7 |    |  5 |
	----------------
	|  6 |  8 |  3 |
	----------------

STEP 28: Move tile 5 to the left ⮜

	----------------
	|  1 |  4 |  2 |
	----------------
	|  7 |  5 |    |
	----------------
	|  6 |  8 |  3 |
	----------------

STEP 29: Move tile 3 up ⮝

	----------------
	|  1 |  4 |  2 |
	----------------
	|  7 |  5 |  3 |
	----------------
	|  6 |  8 |    |
	----------------

STEP 30: Move tile 8 to the right ⮞

	----------------
	|  1 |  4 |  2 |
	----------------
	|  7 |  5 |  3 |
	----------------
	|  6 |    |  8 |
	----------------

STEP 31: Move tile 5 down ⮟

	----------------
	|  1 |  4 |  2 |
	----------------
	|  7 |    |  3 |
	----------------
	|  6 |  5 |  8 |
	----------------

STEP 32: Move tile 4 down ⮟

	----------------
	|  1 |    |  2 |
	----------------
	|  7 |  4 |  3 |
	----------------
	|  6 |  5 |  8 |
	----------------

STEP 33: Move tile 2 to the left ⮜

	----------------
	|  1 |  2 |    |
	----------------
	|  7 |  4 |  3 |
	----------------
	|  6 |  5 |  8 |
	----------------

STEP 34: Move tile 3 up ⮝

	----------------
	|  1 |  2 |  3 |
	----------------
	|  7 |  4 |    |
	----------------
	|  6 |  5 |  8 |
	----------------

STEP 35: Move tile 8 up ⮝

	----------------
	|  1 |  2 |  3 |
	----------------
	|  7 |  4 |  8 |
	----------------
	|  6 |  5 |    |
	----------------

STEP 36: Move tile 5 to the right ⮞

	----------------
	|  1 |  2 |  3 |
	----------------
	|  7 |  4 |  8 |
	----------------
	|  6 |    |  5 |
	----------------

STEP 37: Move tile 6 to the right ⮞

	----------------
	|  1 |  2 |  3 |
	----------------
	|  7 |  4 |  8 |
	----------------
	|    |  6 |  5 |
	----------------

STEP 38: Move tile 7 down ⮟

	----------------
	|  1 |  2 |  3 |
	----------------
	|    |  4 |  8 |
	----------------
	|  7 |  6 |  5 |
	----------------

STEP 39: Move tile 4 to the left ⮜

	----------------
	|  1 |  2 |  3 |
	----------------
	|  4 |    |  8 |
	----------------
	|  7 |  6 |  5 |
	----------------

STEP 40: Move tile 6 up ⮝

	----------------
	|  1 |  2 |  3 |
	----------------
	|  4 |  6 |  8 |
	----------------
	|  7 |    |  5 |
	----------------

STEP 41: Move tile 5 to the left ⮜

	----------------
	|  1 |  2 |  3 |
	----------------
	|  4 |  6 |  8 |
	----------------
	|  7 |  5 |    |
	----------------

STEP 42: Move tile 8 down ⮟

	----------------
	|  1 |  2 |  3 |
	----------------
	|  4 |  6 |    |
	----------------
	|  7 |  5 |  8 |
	----------------

STEP 43: Move tile 6 to the right ⮞

	----------------
	|  1 |  2 |  3 |
	----------------
	|  4 |    |  6 |
	----------------
	|  7 |  5 |  8 |
	----------------

STEP 44: Move tile 5 up ⮝

	----------------
	|  1 |  2 |  3 |
	----------------
	|  4 |  5 |  6 |
	----------------
	|  7 |    |  8 |
	----------------

STEP 45: Move tile 8 to the left ⮜

	----------------
	|  1 |  2 |  3 |
	----------------
	|  4 |  5 |  6 |
	----------------
	|  7 |  8 |    |
	----------------

