
====<  Solved in 0.007 s, and in 284 steps  >====


	= INITIAL BOARD =

	--------------------------
	| 21 | 19 |  5 |  8 | 14 |
	--------------------------
	|  4 | 12 | 18 | 17 |  1 |
	--------------------------
	| 11 | 23 |  2 |  6 | 20 |
	--------------------------
	|  9 |  7 | 13 |  3 | 16 |
	--------------------------
	| 10 | 24 | 22 | 15 |    |
	--------------------------

STEP 1: Move tile 16 down ⮟

	--------------------------
	| 21 | 19 |  5 |  8 | 14 |
	--------------------------
	|  4 | 12 | 18 | 17 |  1 |
	--------------------------
	| 11 | 23 |  2 |  6 | 20 |
	--------------------------
	|  9 |  7 | 13 |  3 |    |
	--------------------------
	| 10 | 24 | 22 | 15 | 16 |
	--------------------------

STEP 2: Move tile 20 down ⮟

	--------------------------
	| 21 | 19 |  5 |  8 | 14 |
	--------------------------
	|  4 | 12 | 18 | 17 |  1 |
	--------------------------
	| 11 | 23 |  2 |  6 |    |
	--------------------------
	|  9 |  7 | 13 |  3 | 20 |
	--------------------------
	| 10 | 24 | 22 | 15 | 16 |
	--------------------------

STEP 3: Move tile 6 to the right ⮞

	--------------------------
	| 21 | 19 |  5 |  8 | 14 |
	--------------------------
	|  4 | 12 | 18 | 17 |  1 |
	--------------------------
	| 11 | 23 |  2 |    |  6 |
	--------------------------
	|  9 |  7 | 13 |  3 | 20 |
	--------------------------
	| 10 | 24 | 22 | 15 | 16 |
	--------------------------

STEP 4: Move tile 17 down ⮟

	--------------------------
	| 21 | 19 |  5 |  8 | 14 |
	--------------------------
	|  4 | 12 | 18 |    |  1 |
	--------------------------
	| 11 | 23 |  2 | 17 |  6 |
	--------------------------
	|  9 |  7 | 13 |  3 | 20 |
	--------------------------
	| 10 | 24 | 22 | 15 | 16 |
	--------------------------

STEP 5: Move tile 8 down ⮟

	--------------------------
	| 21 | 19 |  5 |    | 14 |
	--------------------------
	|  4 | 12 | 18 |  8 |  1 |
	--------------------------
	| 11 | 23 |  2 | 17 |  6 |
	--------------------------
	|  9 |  7 | 13 |  3 | 20 |
	--------------------------
	| 10 | 24 | 22 | 15 | 16 |
	--------------------------

STEP 6: Move tile 14 to the left ⮜

	--------------------------
	| 21 | 19 |  5 | 14 |    |
	--------------------------
	|  4 | 12 | 18 |  8 |  1 |
	--------------------------
	| 11 | 23 |  2 | 17 |  6 |
	--------------------------
	|  9 |  7 | 13 |  3 | 20 |
	--------------------------
	| 10 | 24 | 22 | 15 | 16 |
	--------------------------

STEP 7: Move tile 1 up ⮝

	--------------------------
	| 21 | 19 |  5 | 14 |  1 |
	--------------------------
	|  4 | 12 | 18 |  8 |    |
	--------------------------
	| 11 | 23 |  2 | 17 |  6 |
	--------------------------
	|  9 |  7 | 13 |  3 | 20 |
	--------------------------
	| 10 | 24 | 22 | 15 | 16 |
	--------------------------

STEP 8: Move tile 8 to the right ⮞

	--------------------------
	| 21 | 19 |  5 | 14 |  1 |
	--------------------------
	|  4 | 12 | 18 |    |  8 |
	--------------------------
	| 11 | 23 |  2 | 17 |  6 |
	--------------------------
	|  9 |  7 | 13 |  3 | 20 |
	--------------------------
	| 10 | 24 | 22 | 15 | 16 |
	--------------------------

STEP 9: Move tile 14 down ⮟

	--------------------------
	| 21 | 19 |  5 |    |  1 |
	--------------------------
	|  4 | 12 | 18 | 14 |  8 |
	--------------------------
	| 11 | 23 |  2 | 17 |  6 |
	--------------------------
	|  9 |  7 | 13 |  3 | 20 |
	--------------------------
	| 10 | 24 | 22 | 15 | 16 |
	--------------------------

STEP 10: Move tile 1 to the left ⮜

	--------------------------
	| 21 | 19 |  5 |  1 |    |
	--------------------------
	|  4 | 12 | 18 | 14 |  8 |
	--------------------------
	| 11 | 23 |  2 | 17 |  6 |
	--------------------------
	|  9 |  7 | 13 |  3 | 20 |
	--------------------------
	| 10 | 24 | 22 | 15 | 16 |
	--------------------------

STEP 11: Move tile 8 up ⮝

	--------------------------
	| 21 | 19 |  5 |  1 |  8 |
	--------------------------
	|  4 | 12 | 18 | 14 |    |
	--------------------------
	| 11 | 23 |  2 | 17 |  6 |
	--------------------------
	|  9 |  7 | 13 |  3 | 20 |
	--------------------------
	| 10 | 24 | 22 | 15 | 16 |
	--------------------------

STEP 12: Move tile 14 to the right ⮞

	--------------------------
	| 21 | 19 |  5 |  1 |  8 |
	--------------------------
	|  4 | 12 | 18 |    | 14 |
	--------------------------
	| 11 | 23 |  2 | 17 |  6 |
	--------------------------
	|  9 |  7 | 13 |  3 | 20 |
	--------------------------
	| 10 | 24 | 22 | 15 | 16 |
	--------------------------

STEP 13: Move tile 18 to the right ⮞

	--------------------------
	| 21 | 19 |  5 |  1 |  8 |
	--------------------------
	|  4 | 12 |    | 18 | 14 |
	--------------------------
	| 11 | 23 |  2 | 17 |  6 |
	--------------------------
	|  9 |  7 | 13 |  3 | 20 |
	--------------------------
	| 10 | 24 | 22 | 15 | 16 |
	--------------------------

STEP 14: Move tile 5 down ⮟

	--------------------------
	| 21 | 19 |    |  1 |  8 |
	--------------------------
	|  4 | 12 |  5 | 18 | 14 |
	--------------------------
	| 11 | 23 |  2 | 17 |  6 |
	--------------------------
	|  9 |  7 | 13 |  3 | 20 |
	--------------------------
	| 10 | 24 | 22 | 15 | 16 |
	--------------------------

STEP 15: Move tile 1 to the left ⮜

	--------------------------
	| 21 | 19 |  1 |    |  8 |
	--------------------------
	|  4 | 12 |  5 | 18 | 14 |
	--------------------------
	| 11 | 23 |  2 | 17 |  6 |
	--------------------------
	|  9 |  7 | 13 |  3 | 20 |
	--------------------------
	| 10 | 24 | 22 | 15 | 16 |
	--------------------------

STEP 16: Move tile 18 up ⮝

	--------------------------
	| 21 | 19 |  1 | 18 |  8 |
	--------------------------
	|  4 | 12 |  5 |    | 14 |
	--------------------------
	| 11 | 23 |  2 | 17 |  6 |
	--------------------------
	|  9 |  7 | 13 |  3 | 20 |
	--------------------------
	| 10 | 24 | 22 | 15 | 16 |
	--------------------------

STEP 17: Move tile 5 to the right ⮞

	--------------------------
	| 21 | 19 |  1 | 18 |  8 |
	--------------------------
	|  4 | 12 |    |  5 | 14 |
	--------------------------
	| 11 | 23 |  2 | 17 |  6 |
	--------------------------
	|  9 |  7 | 13 |  3 | 20 |
	--------------------------
	| 10 | 24 | 22 | 15 | 16 |
	--------------------------

STEP 18: Move tile 12 to the right ⮞

	--------------------------
	| 21 | 19 |  1 | 18 |  8 |
	--------------------------
	|  4 |    | 12 |  5 | 14 |
	--------------------------
	| 11 | 23 |  2 | 17 |  6 |
	--------------------------
	|  9 |  7 | 13 |  3 | 20 |
	--------------------------
	| 10 | 24 | 22 | 15 | 16 |
	--------------------------

STEP 19: Move tile 19 down ⮟

	--------------------------
	| 21 |    |  1 | 18 |  8 |
	--------------------------
	|  4 | 19 | 12 |  5 | 14 |
	--------------------------
	| 11 | 23 |  2 | 17 |  6 |
	--------------------------
	|  9 |  7 | 13 |  3 | 20 |
	--------------------------
	| 10 | 24 | 22 | 15 | 16 |
	--------------------------

STEP 20: Move tile 1 to the left ⮜

	--------------------------
	| 21 |  1 |    | 18 |  8 |
	--------------------------
	|  4 | 19 | 12 |  5 | 14 |
	--------------------------
	| 11 | 23 |  2 | 17 |  6 |
	--------------------------
	|  9 |  7 | 13 |  3 | 20 |
	--------------------------
	| 10 | 24 | 22 | 15 | 16 |
	--------------------------

STEP 21: Move tile 12 up ⮝

	--------------------------
	| 21 |  1 | 12 | 18 |  8 |
	--------------------------
	|  4 | 19 |    |  5 | 14 |
	--------------------------
	| 11 | 23 |  2 | 17 |  6 |
	--------------------------
	|  9 |  7 | 13 |  3 | 20 |
	--------------------------
	| 10 | 24 | 22 | 15 | 16 |
	--------------------------

STEP 22: Move tile 19 to the right ⮞

	--------------------------
	| 21 |  1 | 12 | 18 |  8 |
	--------------------------
	|  4 |    | 19 |  5 | 14 |
	--------------------------
	| 11 | 23 |  2 | 17 |  6 |
	--------------------------
	|  9 |  7 | 13 |  3 | 20 |
	--------------------------
	| 10 | 24 | 22 | 15 | 16 |
	--------------------------

STEP 23: Move tile 4 to the right ⮞

	--------------------------
	| 21 |  1 | 12 | 18 |  8 |
	--------------------------
	|    |  4 | 19 |  5 | 14 |
	--------------------------
	| 11 | 23 |  2 | 17 |  6 |
	--------------------------
	|  9 |  7 | 13 |  3 | 20 |
	--------------------------
	| 10 | 24 | 22 | 15 | 16 |
	--------------------------

STEP 24: Move tile 21 down ⮟

	--------------------------
	|    |  1 | 12 | 18 |  8 |
	--------------------------
	| 21 |  4 | 19 |  5 | 14 |
	--------------------------
	| 11 | 23 |  2 | 17 |  6 |
	--------------------------
	|  9 |  7 | 13 |  3 | 20 |
	--------------------------
	| 10 | 24 | 22 | 15 | 16 |
	--------------------------

STEP 25: Move tile 1 to the left ⮜

	--------------------------
	|  1 |    | 12 | 18 |  8 |
	--------------------------
	| 21 |  4 | 19 |  5 | 14 |
	--------------------------
	| 11 | 23 |  2 | 17 |  6 |
	--------------------------
	|  9 |  7 | 13 |  3 | 20 |
	--------------------------
	| 10 | 24 | 22 | 15 | 16 |
	--------------------------

STEP 26: Move tile 12 to the left ⮜

	--------------------------
	|  1 | 12 |    | 18 |  8 |
	--------------------------
	| 21 |  4 | 19 |  5 | 14 |
	--------------------------
	| 11 | 23 |  2 | 17 |  6 |
	--------------------------
	|  9 |  7 | 13 |  3 | 20 |
	--------------------------
	| 10 | 24 | 22 | 15 | 16 |
	--------------------------

STEP 27: Move tile 19 up ⮝

	--------------------------
	|  1 | 12 | 19 | 18 |  8 |
	--------------------------
	| 21 |  4 |    |  5 | 14 |
	--------------------------
	| 11 | 23 |  2 | 17 |  6 |
	--------------------------
	|  9 |  7 | 13 |  3 | 20 |
	--------------------------
	| 10 | 24 | 22 | 15 | 16 |
	--------------------------

STEP 28: Move tile 2 up ⮝

	--------------------------
	|  1 | 12 | 19 | 18 |  8 |
	--------------------------
	| 21 |  4 |  2 |  5 | 14 |
	--------------------------
	| 11 | 23 |    | 17 |  6 |
	--------------------------
	|  9 |  7 | 13 |  3 | 20 |
	--------------------------
	| 10 | 24 | 22 | 15 | 16 |
	--------------------------

STEP 29: Move tile 23 to the right ⮞

	--------------------------
	|  1 | 12 | 19 | 18 |  8 |
	--------------------------
	| 21 |  4 |  2 |  5 | 14 |
	--------------------------
	| 11 |    | 23 | 17 |  6 |
	--------------------------
	|  9 |  7 | 13 |  3 | 20 |
	--------------------------
	| 10 | 24 | 22 | 15 | 16 |
	--------------------------

STEP 30: Move tile 4 down ⮟

	--------------------------
	|  1 | 12 | 19 | 18 |  8 |
	--------------------------
	| 21 |    |  2 |  5 | 14 |
	--------------------------
	| 11 |  4 | 23 | 17 |  6 |
	--------------------------
	|  9 |  7 | 13 |  3 | 20 |
	--------------------------
	| 10 | 24 | 22 | 15 | 16 |
	--------------------------

STEP 31: Move tile 12 down ⮟

	--------------------------
	|  1 |    | 19 | 18 |  8 |
	--------------------------
	| 21 | 12 |  2 |  5 | 14 |
	--------------------------
	| 11 |  4 | 23 | 17 |  6 |
	--------------------------
	|  9 |  7 | 13 |  3 | 20 |
	--------------------------
	| 10 | 24 | 22 | 15 | 16 |
	--------------------------

STEP 32: Move tile 19 to the left ⮜

	--------------------------
	|  1 | 19 |    | 18 |  8 |
	--------------------------
	| 21 | 12 |  2 |  5 | 14 |
	--------------------------
	| 11 |  4 | 23 | 17 |  6 |
	--------------------------
	|  9 |  7 | 13 |  3 | 20 |
	--------------------------
	| 10 | 24 | 22 | 15 | 16 |
	--------------------------

STEP 33: Move tile 2 up ⮝

	--------------------------
	|  1 | 19 |  2 | 18 |  8 |
	--------------------------
	| 21 | 12 |    |  5 | 14 |
	--------------------------
	| 11 |  4 | 23 | 17 |  6 |
	--------------------------
	|  9 |  7 | 13 |  3 | 20 |
	--------------------------
	| 10 | 24 | 22 | 15 | 16 |
	--------------------------

STEP 34: Move tile 12 to the right ⮞

	--------------------------
	|  1 | 19 |  2 | 18 |  8 |
	--------------------------
	| 21 |    | 12 |  5 | 14 |
	--------------------------
	| 11 |  4 | 23 | 17 |  6 |
	--------------------------
	|  9 |  7 | 13 |  3 | 20 |
	--------------------------
	| 10 | 24 | 22 | 15 | 16 |
	--------------------------

STEP 35: Move tile 19 down ⮟

	--------------------------
	|  1 |    |  2 | 18 |  8 |
	--------------------------
	| 21 | 19 | 12 |  5 | 14 |
	--------------------------
	| 11 |  4 | 23 | 17 |  6 |
	--------------------------
	|  9 |  7 | 13 |  3 | 20 |
	--------------------------
	| 10 | 24 | 22 | 15 | 16 |
	--------------------------

STEP 36: Move tile 2 to the left ⮜

	--------------------------
	|  1 |  2 |    | 18 |  8 |
	--------------------------
	| 21 | 19 | 12 |  5 | 14 |
	--------------------------
	| 11 |  4 | 23 | 17 |  6 |
	--------------------------
	|  9 |  7 | 13 |  3 | 20 |
	--------------------------
	| 10 | 24 | 22 | 15 | 16 |
	--------------------------

STEP 37: Move tile 18 to the left ⮜

	--------------------------
	|  1 |  2 | 18 |    |  8 |
	--------------------------
	| 21 | 19 | 12 |  5 | 14 |
	--------------------------
	| 11 |  4 | 23 | 17 |  6 |
	--------------------------
	|  9 |  7 | 13 |  3 | 20 |
	--------------------------
	| 10 | 24 | 22 | 15 | 16 |
	--------------------------

STEP 38: Move tile 5 up ⮝

	--------------------------
	|  1 |  2 | 18 |  5 |  8 |
	--------------------------
	| 21 | 19 | 12 |    | 14 |
	--------------------------
	| 11 |  4 | 23 | 17 |  6 |
	--------------------------
	|  9 |  7 | 13 |  3 | 20 |
	--------------------------
	| 10 | 24 | 22 | 15 | 16 |
	--------------------------

STEP 39: Move tile 17 up ⮝

	--------------------------
	|  1 |  2 | 18 |  5 |  8 |
	--------------------------
	| 21 | 19 | 12 | 17 | 14 |
	--------------------------
	| 11 |  4 | 23 |    |  6 |
	--------------------------
	|  9 |  7 | 13 |  3 | 20 |
	--------------------------
	| 10 | 24 | 22 | 15 | 16 |
	--------------------------

STEP 40: Move tile 3 up ⮝

	--------------------------
	|  1 |  2 | 18 |  5 |  8 |
	--------------------------
	| 21 | 19 | 12 | 17 | 14 |
	--------------------------
	| 11 |  4 | 23 |  3 |  6 |
	--------------------------
	|  9 |  7 | 13 |    | 20 |
	--------------------------
	| 10 | 24 | 22 | 15 | 16 |
	--------------------------

STEP 41: Move tile 13 to the right ⮞

	--------------------------
	|  1 |  2 | 18 |  5 |  8 |
	--------------------------
	| 21 | 19 | 12 | 17 | 14 |
	--------------------------
	| 11 |  4 | 23 |  3 |  6 |
	--------------------------
	|  9 |  7 |    | 13 | 20 |
	--------------------------
	| 10 | 24 | 22 | 15 | 16 |
	--------------------------

STEP 42: Move tile 23 down ⮟

	--------------------------
	|  1 |  2 | 18 |  5 |  8 |
	--------------------------
	| 21 | 19 | 12 | 17 | 14 |
	--------------------------
	| 11 |  4 |    |  3 |  6 |
	--------------------------
	|  9 |  7 | 23 | 13 | 20 |
	--------------------------
	| 10 | 24 | 22 | 15 | 16 |
	--------------------------

STEP 43: Move tile 12 down ⮟

	--------------------------
	|  1 |  2 | 18 |  5 |  8 |
	--------------------------
	| 21 | 19 |    | 17 | 14 |
	--------------------------
	| 11 |  4 | 12 |  3 |  6 |
	--------------------------
	|  9 |  7 | 23 | 13 | 20 |
	--------------------------
	| 10 | 24 | 22 | 15 | 16 |
	--------------------------

STEP 44: Move tile 17 to the left ⮜

	--------------------------
	|  1 |  2 | 18 |  5 |  8 |
	--------------------------
	| 21 | 19 | 17 |    | 14 |
	--------------------------
	| 11 |  4 | 12 |  3 |  6 |
	--------------------------
	|  9 |  7 | 23 | 13 | 20 |
	--------------------------
	| 10 | 24 | 22 | 15 | 16 |
	--------------------------

STEP 45: Move tile 3 up ⮝

	--------------------------
	|  1 |  2 | 18 |  5 |  8 |
	--------------------------
	| 21 | 19 | 17 |  3 | 14 |
	--------------------------
	| 11 |  4 | 12 |    |  6 |
	--------------------------
	|  9 |  7 | 23 | 13 | 20 |
	--------------------------
	| 10 | 24 | 22 | 15 | 16 |
	--------------------------

STEP 46: Move tile 12 to the right ⮞

	--------------------------
	|  1 |  2 | 18 |  5 |  8 |
	--------------------------
	| 21 | 19 | 17 |  3 | 14 |
	--------------------------
	| 11 |  4 |    | 12 |  6 |
	--------------------------
	|  9 |  7 | 23 | 13 | 20 |
	--------------------------
	| 10 | 24 | 22 | 15 | 16 |
	--------------------------

STEP 47: Move tile 17 down ⮟

	--------------------------
	|  1 |  2 | 18 |  5 |  8 |
	--------------------------
	| 21 | 19 |    |  3 | 14 |
	--------------------------
	| 11 |  4 | 17 | 12 |  6 |
	--------------------------
	|  9 |  7 | 23 | 13 | 20 |
	--------------------------
	| 10 | 24 | 22 | 15 | 16 |
	--------------------------

STEP 48: Move tile 18 down ⮟

	--------------------------
	|  1 |  2 |    |  5 |  8 |
	--------------------------
	| 21 | 19 | 18 |  3 | 14 |
	--------------------------
	| 11 |  4 | 17 | 12 |  6 |
	--------------------------
	|  9 |  7 | 23 | 13 | 20 |
	--------------------------
	| 10 | 24 | 22 | 15 | 16 |
	--------------------------

STEP 49: Move tile 5 to the left ⮜

	--------------------------
	|  1 |  2 |  5 |    |  8 |
	--------------------------
	| 21 | 19 | 18 |  3 | 14 |
	--------------------------
	| 11 |  4 | 17 | 12 |  6 |
	--------------------------
	|  9 |  7 | 23 | 13 | 20 |
	--------------------------
	| 10 | 24 | 22 | 15 | 16 |
	--------------------------

STEP 50: Move tile 3 up ⮝

	--------------------------
	|  1 |  2 |  5 |  3 |  8 |
	--------------------------
	| 21 | 19 | 18 |    | 14 |
	--------------------------
	| 11 |  4 | 17 | 12 |  6 |
	--------------------------
	|  9 |  7 | 23 | 13 | 20 |
	--------------------------
	| 10 | 24 | 22 | 15 | 16 |
	--------------------------

STEP 51: Move tile 18 to the right ⮞

	--------------------------
	|  1 |  2 |  5 |  3 |  8 |
	--------------------------
	| 21 | 19 |    | 18 | 14 |
	--------------------------
	| 11 |  4 | 17 | 12 |  6 |
	--------------------------
	|  9 |  7 | 23 | 13 | 20 |
	--------------------------
	| 10 | 24 | 22 | 15 | 16 |
	--------------------------

STEP 52: Move tile 5 down ⮟

	--------------------------
	|  1 |  2 |    |  3 |  8 |
	--------------------------
	| 21 | 19 |  5 | 18 | 14 |
	--------------------------
	| 11 |  4 | 17 | 12 |  6 |
	--------------------------
	|  9 |  7 | 23 | 13 | 20 |
	--------------------------
	| 10 | 24 | 22 | 15 | 16 |
	--------------------------

STEP 53: Move tile 3 to the left ⮜

	--------------------------
	|  1 |  2 |  3 |    |  8 |
	--------------------------
	| 21 | 19 |  5 | 18 | 14 |
	--------------------------
	| 11 |  4 | 17 | 12 |  6 |
	--------------------------
	|  9 |  7 | 23 | 13 | 20 |
	--------------------------
	| 10 | 24 | 22 | 15 | 16 |
	--------------------------

STEP 54: Move tile 18 up ⮝

	--------------------------
	|  1 |  2 |  3 | 18 |  8 |
	--------------------------
	| 21 | 19 |  5 |    | 14 |
	--------------------------
	| 11 |  4 | 17 | 12 |  6 |
	--------------------------
	|  9 |  7 | 23 | 13 | 20 |
	--------------------------
	| 10 | 24 | 22 | 15 | 16 |
	--------------------------

STEP 55: Move tile 12 up ⮝

	--------------------------
	|  1 |  2 |  3 | 18 |  8 |
	--------------------------
	| 21 | 19 |  5 | 12 | 14 |
	--------------------------
	| 11 |  4 | 17 |    |  6 |
	--------------------------
	|  9 |  7 | 23 | 13 | 20 |
	--------------------------
	| 10 | 24 | 22 | 15 | 16 |
	--------------------------

STEP 56: Move tile 17 to the right ⮞

	--------------------------
	|  1 |  2 |  3 | 18 |  8 |
	--------------------------
	| 21 | 19 |  5 | 12 | 14 |
	--------------------------
	| 11 |  4 |    | 17 |  6 |
	--------------------------
	|  9 |  7 | 23 | 13 | 20 |
	--------------------------
	| 10 | 24 | 22 | 15 | 16 |
	--------------------------

STEP 57: Move tile 5 down ⮟

	--------------------------
	|  1 |  2 |  3 | 18 |  8 |
	--------------------------
	| 21 | 19 |    | 12 | 14 |
	--------------------------
	| 11 |  4 |  5 | 17 |  6 |
	--------------------------
	|  9 |  7 | 23 | 13 | 20 |
	--------------------------
	| 10 | 24 | 22 | 15 | 16 |
	--------------------------

STEP 58: Move tile 12 to the left ⮜

	--------------------------
	|  1 |  2 |  3 | 18 |  8 |
	--------------------------
	| 21 | 19 | 12 |    | 14 |
	--------------------------
	| 11 |  4 |  5 | 17 |  6 |
	--------------------------
	|  9 |  7 | 23 | 13 | 20 |
	--------------------------
	| 10 | 24 | 22 | 15 | 16 |
	--------------------------

STEP 59: Move tile 17 up ⮝

	--------------------------
	|  1 |  2 |  3 | 18 |  8 |
	--------------------------
	| 21 | 19 | 12 | 17 | 14 |
	--------------------------
	| 11 |  4 |  5 |    |  6 |
	--------------------------
	|  9 |  7 | 23 | 13 | 20 |
	--------------------------
	| 10 | 24 | 22 | 15 | 16 |
	--------------------------

STEP 60: Move tile 5 to the right ⮞

	--------------------------
	|  1 |  2 |  3 | 18 |  8 |
	--------------------------
	| 21 | 19 | 12 | 17 | 14 |
	--------------------------
	| 11 |  4 |    |  5 |  6 |
	--------------------------
	|  9 |  7 | 23 | 13 | 20 |
	--------------------------
	| 10 | 24 | 22 | 15 | 16 |
	--------------------------

STEP 61: Move tile 12 down ⮟

	--------------------------
	|  1 |  2 |  3 | 18 |  8 |
	--------------------------
	| 21 | 19 |    | 17 | 14 |
	--------------------------
	| 11 |  4 | 12 |  5 |  6 |
	--------------------------
	|  9 |  7 | 23 | 13 | 20 |
	--------------------------
	| 10 | 24 | 22 | 15 | 16 |
	--------------------------

STEP 62: Move tile 19 to the right ⮞

	--------------------------
	|  1 |  2 |  3 | 18 |  8 |
	--------------------------
	| 21 |    | 19 | 17 | 14 |
	--------------------------
	| 11 |  4 | 12 |  5 |  6 |
	--------------------------
	|  9 |  7 | 23 | 13 | 20 |
	--------------------------
	| 10 | 24 | 22 | 15 | 16 |
	--------------------------

STEP 63: Move tile 4 up ⮝

	--------------------------
	|  1 |  2 |  3 | 18 |  8 |
	--------------------------
	| 21 |  4 | 19 | 17 | 14 |
	--------------------------
	| 11 |    | 12 |  5 |  6 |
	--------------------------
	|  9 |  7 | 23 | 13 | 20 |
	--------------------------
	| 10 | 24 | 22 | 15 | 16 |
	--------------------------

STEP 64: Move tile 12 to the left ⮜

	--------------------------
	|  1 |  2 |  3 | 18 |  8 |
	--------------------------
	| 21 |  4 | 19 | 17 | 14 |
	--------------------------
	| 11 | 12 |    |  5 |  6 |
	--------------------------
	|  9 |  7 | 23 | 13 | 20 |
	--------------------------
	| 10 | 24 | 22 | 15 | 16 |
	--------------------------

STEP 65: Move tile 19 down ⮟

	--------------------------
	|  1 |  2 |  3 | 18 |  8 |
	--------------------------
	| 21 |  4 |    | 17 | 14 |
	--------------------------
	| 11 | 12 | 19 |  5 |  6 |
	--------------------------
	|  9 |  7 | 23 | 13 | 20 |
	--------------------------
	| 10 | 24 | 22 | 15 | 16 |
	--------------------------

STEP 66: Move tile 4 to the right ⮞

	--------------------------
	|  1 |  2 |  3 | 18 |  8 |
	--------------------------
	| 21 |    |  4 | 17 | 14 |
	--------------------------
	| 11 | 12 | 19 |  5 |  6 |
	--------------------------
	|  9 |  7 | 23 | 13 | 20 |
	--------------------------
	| 10 | 24 | 22 | 15 | 16 |
	--------------------------

STEP 67: Move tile 12 up ⮝

	--------------------------
	|  1 |  2 |  3 | 18 |  8 |
	--------------------------
	| 21 | 12 |  4 | 17 | 14 |
	--------------------------
	| 11 |    | 19 |  5 |  6 |
	--------------------------
	|  9 |  7 | 23 | 13 | 20 |
	--------------------------
	| 10 | 24 | 22 | 15 | 16 |
	--------------------------

STEP 68: Move tile 19 to the left ⮜

	--------------------------
	|  1 |  2 |  3 | 18 |  8 |
	--------------------------
	| 21 | 12 |  4 | 17 | 14 |
	--------------------------
	| 11 | 19 |    |  5 |  6 |
	--------------------------
	|  9 |  7 | 23 | 13 | 20 |
	--------------------------
	| 10 | 24 | 22 | 15 | 16 |
	--------------------------

STEP 69: Move tile 5 to the left ⮜

	--------------------------
	|  1 |  2 |  3 | 18 |  8 |
	--------------------------
	| 21 | 12 |  4 | 17 | 14 |
	--------------------------
	| 11 | 19 |  5 |    |  6 |
	--------------------------
	|  9 |  7 | 23 | 13 | 20 |
	--------------------------
	| 10 | 24 | 22 | 15 | 16 |
	--------------------------

STEP 70: Move tile 17 down ⮟

	--------------------------
	|  1 |  2 |  3 | 18 |  8 |
	--------------------------
	| 21 | 12 |  4 |    | 14 |
	--------------------------
	| 11 | 19 |  5 | 17 |  6 |
	--------------------------
	|  9 |  7 | 23 | 13 | 20 |
	--------------------------
	| 10 | 24 | 22 | 15 | 16 |
	--------------------------

STEP 71: Move tile 4 to the right ⮞

	--------------------------
	|  1 |  2 |  3 | 18 |  8 |
	--------------------------
	| 21 | 12 |    |  4 | 14 |
	--------------------------
	| 11 | 19 |  5 | 17 |  6 |
	--------------------------
	|  9 |  7 | 23 | 13 | 20 |
	--------------------------
	| 10 | 24 | 22 | 15 | 16 |
	--------------------------

STEP 72: Move tile 5 up ⮝

	--------------------------
	|  1 |  2 |  3 | 18 |  8 |
	--------------------------
	| 21 | 12 |  5 |  4 | 14 |
	--------------------------
	| 11 | 19 |    | 17 |  6 |
	--------------------------
	|  9 |  7 | 23 | 13 | 20 |
	--------------------------
	| 10 | 24 | 22 | 15 | 16 |
	--------------------------

STEP 73: Move tile 17 to the left ⮜

	--------------------------
	|  1 |  2 |  3 | 18 |  8 |
	--------------------------
	| 21 | 12 |  5 |  4 | 14 |
	--------------------------
	| 11 | 19 | 17 |    |  6 |
	--------------------------
	|  9 |  7 | 23 | 13 | 20 |
	--------------------------
	| 10 | 24 | 22 | 15 | 16 |
	--------------------------

STEP 74: Move tile 6 to the left ⮜

	--------------------------
	|  1 |  2 |  3 | 18 |  8 |
	--------------------------
	| 21 | 12 |  5 |  4 | 14 |
	--------------------------
	| 11 | 19 | 17 |  6 |    |
	--------------------------
	|  9 |  7 | 23 | 13 | 20 |
	--------------------------
	| 10 | 24 | 22 | 15 | 16 |
	--------------------------

STEP 75: Move tile 14 down ⮟

	--------------------------
	|  1 |  2 |  3 | 18 |  8 |
	--------------------------
	| 21 | 12 |  5 |  4 |    |
	--------------------------
	| 11 | 19 | 17 |  6 | 14 |
	--------------------------
	|  9 |  7 | 23 | 13 | 20 |
	--------------------------
	| 10 | 24 | 22 | 15 | 16 |
	--------------------------

STEP 76: Move tile 8 down ⮟

	--------------------------
	|  1 |  2 |  3 | 18 |    |
	--------------------------
	| 21 | 12 |  5 |  4 |  8 |
	--------------------------
	| 11 | 19 | 17 |  6 | 14 |
	--------------------------
	|  9 |  7 | 23 | 13 | 20 |
	--------------------------
	| 10 | 24 | 22 | 15 | 16 |
	--------------------------

STEP 77: Move tile 18 to the right ⮞

	--------------------------
	|  1 |  2 |  3 |    | 18 |
	--------------------------
	| 21 | 12 |  5 |  4 |  8 |
	--------------------------
	| 11 | 19 | 17 |  6 | 14 |
	--------------------------
	|  9 |  7 | 23 | 13 | 20 |
	--------------------------
	| 10 | 24 | 22 | 15 | 16 |
	--------------------------

STEP 78: Move tile 4 up ⮝

	--------------------------
	|  1 |  2 |  3 |  4 | 18 |
	--------------------------
	| 21 | 12 |  5 |    |  8 |
	--------------------------
	| 11 | 19 | 17 |  6 | 14 |
	--------------------------
	|  9 |  7 | 23 | 13 | 20 |
	--------------------------
	| 10 | 24 | 22 | 15 | 16 |
	--------------------------

STEP 79: Move tile 8 to the left ⮜

	--------------------------
	|  1 |  2 |  3 |  4 | 18 |
	--------------------------
	| 21 | 12 |  5 |  8 |    |
	--------------------------
	| 11 | 19 | 17 |  6 | 14 |
	--------------------------
	|  9 |  7 | 23 | 13 | 20 |
	--------------------------
	| 10 | 24 | 22 | 15 | 16 |
	--------------------------

STEP 80: Move tile 18 down ⮟

	--------------------------
	|  1 |  2 |  3 |  4 |    |
	--------------------------
	| 21 | 12 |  5 |  8 | 18 |
	--------------------------
	| 11 | 19 | 17 |  6 | 14 |
	--------------------------
	|  9 |  7 | 23 | 13 | 20 |
	--------------------------
	| 10 | 24 | 22 | 15 | 16 |
	--------------------------

STEP 81: Move tile 4 to the right ⮞

	--------------------------
	|  1 |  2 |  3 |    |  4 |
	--------------------------
	| 21 | 12 |  5 |  8 | 18 |
	--------------------------
	| 11 | 19 | 17 |  6 | 14 |
	--------------------------
	|  9 |  7 | 23 | 13 | 20 |
	--------------------------
	| 10 | 24 | 22 | 15 | 16 |
	--------------------------

STEP 82: Move tile 8 up ⮝

	--------------------------
	|  1 |  2 |  3 |  8 |  4 |
	--------------------------
	| 21 | 12 |  5 |    | 18 |
	--------------------------
	| 11 | 19 | 17 |  6 | 14 |
	--------------------------
	|  9 |  7 | 23 | 13 | 20 |
	--------------------------
	| 10 | 24 | 22 | 15 | 16 |
	--------------------------

STEP 83: Move tile 5 to the right ⮞

	--------------------------
	|  1 |  2 |  3 |  8 |  4 |
	--------------------------
	| 21 | 12 |    |  5 | 18 |
	--------------------------
	| 11 | 19 | 17 |  6 | 14 |
	--------------------------
	|  9 |  7 | 23 | 13 | 20 |
	--------------------------
	| 10 | 24 | 22 | 15 | 16 |
	--------------------------

STEP 84: Move tile 17 up ⮝

	--------------------------
	|  1 |  2 |  3 |  8 |  4 |
	--------------------------
	| 21 | 12 | 17 |  5 | 18 |
	--------------------------
	| 11 | 19 |    |  6 | 14 |
	--------------------------
	|  9 |  7 | 23 | 13 | 20 |
	--------------------------
	| 10 | 24 | 22 | 15 | 16 |
	--------------------------

STEP 85: Move tile 6 to the left ⮜

	--------------------------
	|  1 |  2 |  3 |  8 |  4 |
	--------------------------
	| 21 | 12 | 17 |  5 | 18 |
	--------------------------
	| 11 | 19 |  6 |    | 14 |
	--------------------------
	|  9 |  7 | 23 | 13 | 20 |
	--------------------------
	| 10 | 24 | 22 | 15 | 16 |
	--------------------------

STEP 86: Move tile 14 to the left ⮜

	--------------------------
	|  1 |  2 |  3 |  8 |  4 |
	--------------------------
	| 21 | 12 | 17 |  5 | 18 |
	--------------------------
	| 11 | 19 |  6 | 14 |    |
	--------------------------
	|  9 |  7 | 23 | 13 | 20 |
	--------------------------
	| 10 | 24 | 22 | 15 | 16 |
	--------------------------

STEP 87: Move tile 18 down ⮟

	--------------------------
	|  1 |  2 |  3 |  8 |  4 |
	--------------------------
	| 21 | 12 | 17 |  5 |    |
	--------------------------
	| 11 | 19 |  6 | 14 | 18 |
	--------------------------
	|  9 |  7 | 23 | 13 | 20 |
	--------------------------
	| 10 | 24 | 22 | 15 | 16 |
	--------------------------

STEP 88: Move tile 5 to the right ⮞

	--------------------------
	|  1 |  2 |  3 |  8 |  4 |
	--------------------------
	| 21 | 12 | 17 |    |  5 |
	--------------------------
	| 11 | 19 |  6 | 14 | 18 |
	--------------------------
	|  9 |  7 | 23 | 13 | 20 |
	--------------------------
	| 10 | 24 | 22 | 15 | 16 |
	--------------------------

STEP 89: Move tile 8 down ⮟

	--------------------------
	|  1 |  2 |  3 |    |  4 |
	--------------------------
	| 21 | 12 | 17 |  8 |  5 |
	--------------------------
	| 11 | 19 |  6 | 14 | 18 |
	--------------------------
	|  9 |  7 | 23 | 13 | 20 |
	--------------------------
	| 10 | 24 | 22 | 15 | 16 |
	--------------------------

STEP 90: Move tile 4 to the left ⮜

	--------------------------
	|  1 |  2 |  3 |  4 |    |
	--------------------------
	| 21 | 12 | 17 |  8 |  5 |
	--------------------------
	| 11 | 19 |  6 | 14 | 18 |
	--------------------------
	|  9 |  7 | 23 | 13 | 20 |
	--------------------------
	| 10 | 24 | 22 | 15 | 16 |
	--------------------------

STEP 91: Move tile 5 up ⮝

	--------------------------
	|  1 |  2 |  3 |  4 |  5 |
	--------------------------
	| 21 | 12 | 17 |  8 |    |
	--------------------------
	| 11 | 19 |  6 | 14 | 18 |
	--------------------------
	|  9 |  7 | 23 | 13 | 20 |
	--------------------------
	| 10 | 24 | 22 | 15 | 16 |
	--------------------------

STEP 92: Move tile 8 to the right ⮞

	--------------------------
	|  1 |  2 |  3 |  4 |  5 |
	--------------------------
	| 21 | 12 | 17 |    |  8 |
	--------------------------
	| 11 | 19 |  6 | 14 | 18 |
	--------------------------
	|  9 |  7 | 23 | 13 | 20 |
	--------------------------
	| 10 | 24 | 22 | 15 | 16 |
	--------------------------

STEP 93: Move tile 17 to the right ⮞

	--------------------------
	|  1 |  2 |  3 |  4 |  5 |
	--------------------------
	| 21 | 12 |    | 17 |  8 |
	--------------------------
	| 11 | 19 |  6 | 14 | 18 |
	--------------------------
	|  9 |  7 | 23 | 13 | 20 |
	--------------------------
	| 10 | 24 | 22 | 15 | 16 |
	--------------------------

STEP 94: Move tile 6 up ⮝

	--------------------------
	|  1 |  2 |  3 |  4 |  5 |
	--------------------------
	| 21 | 12 |  6 | 17 |  8 |
	--------------------------
	| 11 | 19 |    | 14 | 18 |
	--------------------------
	|  9 |  7 | 23 | 13 | 20 |
	--------------------------
	| 10 | 24 | 22 | 15 | 16 |
	--------------------------

STEP 95: Move tile 19 to the right ⮞

	--------------------------
	|  1 |  2 |  3 |  4 |  5 |
	--------------------------
	| 21 | 12 |  6 | 17 |  8 |
	--------------------------
	| 11 |    | 19 | 14 | 18 |
	--------------------------
	|  9 |  7 | 23 | 13 | 20 |
	--------------------------
	| 10 | 24 | 22 | 15 | 16 |
	--------------------------

STEP 96: Move tile 12 down ⮟

	--------------------------
	|  1 |  2 |  3 |  4 |  5 |
	--------------------------
	| 21 |    |  6 | 17 |  8 |
	--------------------------
	| 11 | 12 | 19 | 14 | 18 |
	--------------------------
	|  9 |  7 | 23 | 13 | 20 |
	--------------------------
	| 10 | 24 | 22 | 15 | 16 |
	--------------------------

STEP 97: Move tile 6 to the left ⮜

	--------------------------
	|  1 |  2 |  3 |  4 |  5 |
	--------------------------
	| 21 |  6 |    | 17 |  8 |
	--------------------------
	| 11 | 12 | 19 | 14 | 18 |
	--------------------------
	|  9 |  7 | 23 | 13 | 20 |
	--------------------------
	| 10 | 24 | 22 | 15 | 16 |
	--------------------------

STEP 98: Move tile 19 up ⮝

	--------------------------
	|  1 |  2 |  3 |  4 |  5 |
	--------------------------
	| 21 |  6 | 19 | 17 |  8 |
	--------------------------
	| 11 | 12 |    | 14 | 18 |
	--------------------------
	|  9 |  7 | 23 | 13 | 20 |
	--------------------------
	| 10 | 24 | 22 | 15 | 16 |
	--------------------------

STEP 99: Move tile 12 to the right ⮞

	--------------------------
	|  1 |  2 |  3 |  4 |  5 |
	--------------------------
	| 21 |  6 | 19 | 17 |  8 |
	--------------------------
	| 11 |    | 12 | 14 | 18 |
	--------------------------
	|  9 |  7 | 23 | 13 | 20 |
	--------------------------
	| 10 | 24 | 22 | 15 | 16 |
	--------------------------

STEP 100: Move tile 11 to the right ⮞

	--------------------------
	|  1 |  2 |  3 |  4 |  5 |
	--------------------------
	| 21 |  6 | 19 | 17 |  8 |
	--------------------------
	|    | 11 | 12 | 14 | 18 |
	--------------------------
	|  9 |  7 | 23 | 13 | 20 |
	--------------------------
	| 10 | 24 | 22 | 15 | 16 |
	--------------------------

STEP 101: Move tile 21 down ⮟

	--------------------------
	|  1 |  2 |  3 |  4 |  5 |
	--------------------------
	|    |  6 | 19 | 17 |  8 |
	--------------------------
	| 21 | 11 | 12 | 14 | 18 |
	--------------------------
	|  9 |  7 | 23 | 13 | 20 |
	--------------------------
	| 10 | 24 | 22 | 15 | 16 |
	--------------------------

STEP 102: Move tile 6 to the left ⮜

	--------------------------
	|  1 |  2 |  3 |  4 |  5 |
	--------------------------
	|  6 |    | 19 | 17 |  8 |
	--------------------------
	| 21 | 11 | 12 | 14 | 18 |
	--------------------------
	|  9 |  7 | 23 | 13 | 20 |
	--------------------------
	| 10 | 24 | 22 | 15 | 16 |
	--------------------------

STEP 103: Move tile 19 to the left ⮜

	--------------------------
	|  1 |  2 |  3 |  4 |  5 |
	--------------------------
	|  6 | 19 |    | 17 |  8 |
	--------------------------
	| 21 | 11 | 12 | 14 | 18 |
	--------------------------
	|  9 |  7 | 23 | 13 | 20 |
	--------------------------
	| 10 | 24 | 22 | 15 | 16 |
	--------------------------

STEP 104: Move tile 12 up ⮝

	--------------------------
	|  1 |  2 |  3 |  4 |  5 |
	--------------------------
	|  6 | 19 | 12 | 17 |  8 |
	--------------------------
	| 21 | 11 |    | 14 | 18 |
	--------------------------
	|  9 |  7 | 23 | 13 | 20 |
	--------------------------
	| 10 | 24 | 22 | 15 | 16 |
	--------------------------

STEP 105: Move tile 23 up ⮝

	--------------------------
	|  1 |  2 |  3 |  4 |  5 |
	--------------------------
	|  6 | 19 | 12 | 17 |  8 |
	--------------------------
	| 21 | 11 | 23 | 14 | 18 |
	--------------------------
	|  9 |  7 |    | 13 | 20 |
	--------------------------
	| 10 | 24 | 22 | 15 | 16 |
	--------------------------

STEP 106: Move tile 7 to the right ⮞

	--------------------------
	|  1 |  2 |  3 |  4 |  5 |
	--------------------------
	|  6 | 19 | 12 | 17 |  8 |
	--------------------------
	| 21 | 11 | 23 | 14 | 18 |
	--------------------------
	|  9 |    |  7 | 13 | 20 |
	--------------------------
	| 10 | 24 | 22 | 15 | 16 |
	--------------------------

STEP 107: Move tile 9 to the right ⮞

	--------------------------
	|  1 |  2 |  3 |  4 |  5 |
	--------------------------
	|  6 | 19 | 12 | 17 |  8 |
	--------------------------
	| 21 | 11 | 23 | 14 | 18 |
	--------------------------
	|    |  9 |  7 | 13 | 20 |
	--------------------------
	| 10 | 24 | 22 | 15 | 16 |
	--------------------------

STEP 108: Move tile 21 down ⮟

	--------------------------
	|  1 |  2 |  3 |  4 |  5 |
	--------------------------
	|  6 | 19 | 12 | 17 |  8 |
	--------------------------
	|    | 11 | 23 | 14 | 18 |
	--------------------------
	| 21 |  9 |  7 | 13 | 20 |
	--------------------------
	| 10 | 24 | 22 | 15 | 16 |
	--------------------------

STEP 109: Move tile 11 to the left ⮜

	--------------------------
	|  1 |  2 |  3 |  4 |  5 |
	--------------------------
	|  6 | 19 | 12 | 17 |  8 |
	--------------------------
	| 11 |    | 23 | 14 | 18 |
	--------------------------
	| 21 |  9 |  7 | 13 | 20 |
	--------------------------
	| 10 | 24 | 22 | 15 | 16 |
	--------------------------

STEP 110: Move tile 9 up ⮝

	--------------------------
	|  1 |  2 |  3 |  4 |  5 |
	--------------------------
	|  6 | 19 | 12 | 17 |  8 |
	--------------------------
	| 11 |  9 | 23 | 14 | 18 |
	--------------------------
	| 21 |    |  7 | 13 | 20 |
	--------------------------
	| 10 | 24 | 22 | 15 | 16 |
	--------------------------

STEP 111: Move tile 21 to the right ⮞

	--------------------------
	|  1 |  2 |  3 |  4 |  5 |
	--------------------------
	|  6 | 19 | 12 | 17 |  8 |
	--------------------------
	| 11 |  9 | 23 | 14 | 18 |
	--------------------------
	|    | 21 |  7 | 13 | 20 |
	--------------------------
	| 10 | 24 | 22 | 15 | 16 |
	--------------------------

STEP 112: Move tile 10 up ⮝

	--------------------------
	|  1 |  2 |  3 |  4 |  5 |
	--------------------------
	|  6 | 19 | 12 | 17 |  8 |
	--------------------------
	| 11 |  9 | 23 | 14 | 18 |
	--------------------------
	| 10 | 21 |  7 | 13 | 20 |
	--------------------------
	|    | 24 | 22 | 15 | 16 |
	--------------------------

STEP 113: Move tile 24 to the left ⮜

	--------------------------
	|  1 |  2 |  3 |  4 |  5 |
	--------------------------
	|  6 | 19 | 12 | 17 |  8 |
	--------------------------
	| 11 |  9 | 23 | 14 | 18 |
	--------------------------
	| 10 | 21 |  7 | 13 | 20 |
	--------------------------
	| 24 |    | 22 | 15 | 16 |
	--------------------------

STEP 114: Move tile 22 to the left ⮜

	--------------------------
	|  1 |  2 |  3 |  4 |  5 |
	--------------------------
	|  6 | 19 | 12 | 17 |  8 |
	--------------------------
	| 11 |  9 | 23 | 14 | 18 |
	--------------------------
	| 10 | 21 |  7 | 13 | 20 |
	--------------------------
	| 24 | 22 |    | 15 | 16 |
	--------------------------

STEP 115: Move tile 7 down ⮟

	--------------------------
	|  1 |  2 |  3 |  4 |  5 |
	--------------------------
	|  6 | 19 | 12 | 17 |  8 |
	--------------------------
	| 11 |  9 | 23 | 14 | 18 |
	--------------------------
	| 10 | 21 |    | 13 | 20 |
	--------------------------
	| 24 | 22 |  7 | 15 | 16 |
	--------------------------

STEP 116: Move tile 21 to the right ⮞

	--------------------------
	|  1 |  2 |  3 |  4 |  5 |
	--------------------------
	|  6 | 19 | 12 | 17 |  8 |
	--------------------------
	| 11 |  9 | 23 | 14 | 18 |
	--------------------------
	| 10 |    | 21 | 13 | 20 |
	--------------------------
	| 24 | 22 |  7 | 15 | 16 |
	--------------------------

STEP 117: Move tile 21 to the left ⮜

	--------------------------
	|  1 |  2 |  3 |  4 |  5 |
	--------------------------
	|  6 | 19 | 12 | 17 |  8 |
	--------------------------
	| 11 |  9 | 23 | 14 | 18 |
	--------------------------
	| 10 | 21 |    | 13 | 20 |
	--------------------------
	| 24 | 22 |  7 | 15 | 16 |
	--------------------------

STEP 118: Move tile 13 to the left ⮜

	--------------------------
	|  1 |  2 |  3 |  4 |  5 |
	--------------------------
	|  6 | 19 | 12 | 17 |  8 |
	--------------------------
	| 11 |  9 | 23 | 14 | 18 |
	--------------------------
	| 10 | 21 | 13 |    | 20 |
	--------------------------
	| 24 | 22 |  7 | 15 | 16 |
	--------------------------

STEP 119: Move tile 15 up ⮝

	--------------------------
	|  1 |  2 |  3 |  4 |  5 |
	--------------------------
	|  6 | 19 | 12 | 17 |  8 |
	--------------------------
	| 11 |  9 | 23 | 14 | 18 |
	--------------------------
	| 10 | 21 | 13 | 15 | 20 |
	--------------------------
	| 24 | 22 |  7 |    | 16 |
	--------------------------

STEP 120: Move tile 16 to the left ⮜

	--------------------------
	|  1 |  2 |  3 |  4 |  5 |
	--------------------------
	|  6 | 19 | 12 | 17 |  8 |
	--------------------------
	| 11 |  9 | 23 | 14 | 18 |
	--------------------------
	| 10 | 21 | 13 | 15 | 20 |
	--------------------------
	| 24 | 22 |  7 | 16 |    |
	--------------------------

STEP 121: Move tile 20 down ⮟

	--------------------------
	|  1 |  2 |  3 |  4 |  5 |
	--------------------------
	|  6 | 19 | 12 | 17 |  8 |
	--------------------------
	| 11 |  9 | 23 | 14 | 18 |
	--------------------------
	| 10 | 21 | 13 | 15 |    |
	--------------------------
	| 24 | 22 |  7 | 16 | 20 |
	--------------------------

STEP 122: Move tile 15 to the right ⮞

	--------------------------
	|  1 |  2 |  3 |  4 |  5 |
	--------------------------
	|  6 | 19 | 12 | 17 |  8 |
	--------------------------
	| 11 |  9 | 23 | 14 | 18 |
	--------------------------
	| 10 | 21 | 13 |    | 15 |
	--------------------------
	| 24 | 22 |  7 | 16 | 20 |
	--------------------------

STEP 123: Move tile 13 to the right ⮞

	--------------------------
	|  1 |  2 |  3 |  4 |  5 |
	--------------------------
	|  6 | 19 | 12 | 17 |  8 |
	--------------------------
	| 11 |  9 | 23 | 14 | 18 |
	--------------------------
	| 10 | 21 |    | 13 | 15 |
	--------------------------
	| 24 | 22 |  7 | 16 | 20 |
	--------------------------

STEP 124: Move tile 7 up ⮝

	--------------------------
	|  1 |  2 |  3 |  4 |  5 |
	--------------------------
	|  6 | 19 | 12 | 17 |  8 |
	--------------------------
	| 11 |  9 | 23 | 14 | 18 |
	--------------------------
	| 10 | 21 |  7 | 13 | 15 |
	--------------------------
	| 24 | 22 |    | 16 | 20 |
	--------------------------

STEP 125: Move tile 16 to the left ⮜

	--------------------------
	|  1 |  2 |  3 |  4 |  5 |
	--------------------------
	|  6 | 19 | 12 | 17 |  8 |
	--------------------------
	| 11 |  9 | 23 | 14 | 18 |
	--------------------------
	| 10 | 21 |  7 | 13 | 15 |
	--------------------------
	| 24 | 22 | 16 |    | 20 |
	--------------------------

STEP 126: Move tile 13 down ⮟

	--------------------------
	|  1 |  2 |  3 |  4 |  5 |
	--------------------------
	|  6 | 19 | 12 | 17 |  8 |
	--------------------------
	| 11 |  9 | 23 | 14 | 18 |
	--------------------------
	| 10 | 21 |  7 |    | 15 |
	--------------------------
	| 24 | 22 | 16 | 13 | 20 |
	--------------------------

STEP 127: Move tile 7 to the right ⮞

	--------------------------
	|  1 |  2 |  3 |  4 |  5 |
	--------------------------
	|  6 | 19 | 12 | 17 |  8 |
	--------------------------
	| 11 |  9 | 23 | 14 | 18 |
	--------------------------
	| 10 | 21 |    |  7 | 15 |
	--------------------------
	| 24 | 22 | 16 | 13 | 20 |
	--------------------------

STEP 128: Move tile 21 to the right ⮞

	--------------------------
	|  1 |  2 |  3 |  4 |  5 |
	--------------------------
	|  6 | 19 | 12 | 17 |  8 |
	--------------------------
	| 11 |  9 | 23 | 14 | 18 |
	--------------------------
	| 10 |    | 21 |  7 | 15 |
	--------------------------
	| 24 | 22 | 16 | 13 | 20 |
	--------------------------

STEP 129: Move tile 22 up ⮝

	--------------------------
	|  1 |  2 |  3 |  4 |  5 |
	--------------------------
	|  6 | 19 | 12 | 17 |  8 |
	--------------------------
	| 11 |  9 | 23 | 14 | 18 |
	--------------------------
	| 10 | 22 | 21 |  7 | 15 |
	--------------------------
	| 24 |    | 16 | 13 | 20 |
	--------------------------

STEP 130: Move tile 16 to the left ⮜

	--------------------------
	|  1 |  2 |  3 |  4 |  5 |
	--------------------------
	|  6 | 19 | 12 | 17 |  8 |
	--------------------------
	| 11 |  9 | 23 | 14 | 18 |
	--------------------------
	| 10 | 22 | 21 |  7 | 15 |
	--------------------------
	| 24 | 16 |    | 13 | 20 |
	--------------------------

STEP 131: Move tile 21 down ⮟

	--------------------------
	|  1 |  2 |  3 |  4 |  5 |
	--------------------------
	|  6 | 19 | 12 | 17 |  8 |
	--------------------------
	| 11 |  9 | 23 | 14 | 18 |
	--------------------------
	| 10 | 22 |    |  7 | 15 |
	--------------------------
	| 24 | 16 | 21 | 13 | 20 |
	--------------------------

STEP 132: Move tile 22 to the right ⮞

	--------------------------
	|  1 |  2 |  3 |  4 |  5 |
	--------------------------
	|  6 | 19 | 12 | 17 |  8 |
	--------------------------
	| 11 |  9 | 23 | 14 | 18 |
	--------------------------
	| 10 |    | 22 |  7 | 15 |
	--------------------------
	| 24 | 16 | 21 | 13 | 20 |
	--------------------------

STEP 133: Move tile 10 to the right ⮞

	--------------------------
	|  1 |  2 |  3 |  4 |  5 |
	--------------------------
	|  6 | 19 | 12 | 17 |  8 |
	--------------------------
	| 11 |  9 | 23 | 14 | 18 |
	--------------------------
	|    | 10 | 22 |  7 | 15 |
	--------------------------
	| 24 | 16 | 21 | 13 | 20 |
	--------------------------

STEP 134: Move tile 24 up ⮝

	--------------------------
	|  1 |  2 |  3 |  4 |  5 |
	--------------------------
	|  6 | 19 | 12 | 17 |  8 |
	--------------------------
	| 11 |  9 | 23 | 14 | 18 |
	--------------------------
	| 24 | 10 | 22 |  7 | 15 |
	--------------------------
	|    | 16 | 21 | 13 | 20 |
	--------------------------

STEP 135: Move tile 16 to the left ⮜

	--------------------------
	|  1 |  2 |  3 |  4 |  5 |
	--------------------------
	|  6 | 19 | 12 | 17 |  8 |
	--------------------------
	| 11 |  9 | 23 | 14 | 18 |
	--------------------------
	| 24 | 10 | 22 |  7 | 15 |
	--------------------------
	| 16 |    | 21 | 13 | 20 |
	--------------------------

STEP 136: Move tile 21 to the left ⮜

	--------------------------
	|  1 |  2 |  3 |  4 |  5 |
	--------------------------
	|  6 | 19 | 12 | 17 |  8 |
	--------------------------
	| 11 |  9 | 23 | 14 | 18 |
	--------------------------
	| 24 | 10 | 22 |  7 | 15 |
	--------------------------
	| 16 | 21 |    | 13 | 20 |
	--------------------------

STEP 137: Move tile 22 down ⮟

	--------------------------
	|  1 |  2 |  3 |  4 |  5 |
	--------------------------
	|  6 | 19 | 12 | 17 |  8 |
	--------------------------
	| 11 |  9 | 23 | 14 | 18 |
	--------------------------
	| 24 | 10 |    |  7 | 15 |
	--------------------------
	| 16 | 21 | 22 | 13 | 20 |
	--------------------------

STEP 138: Move tile 10 to the right ⮞

	--------------------------
	|  1 |  2 |  3 |  4 |  5 |
	--------------------------
	|  6 | 19 | 12 | 17 |  8 |
	--------------------------
	| 11 |  9 | 23 | 14 | 18 |
	--------------------------
	| 24 |    | 10 |  7 | 15 |
	--------------------------
	| 16 | 21 | 22 | 13 | 20 |
	--------------------------

STEP 139: Move tile 24 to the right ⮞

	--------------------------
	|  1 |  2 |  3 |  4 |  5 |
	--------------------------
	|  6 | 19 | 12 | 17 |  8 |
	--------------------------
	| 11 |  9 | 23 | 14 | 18 |
	--------------------------
	|    | 24 | 10 |  7 | 15 |
	--------------------------
	| 16 | 21 | 22 | 13 | 20 |
	--------------------------

STEP 140: Move tile 16 up ⮝

	--------------------------
	|  1 |  2 |  3 |  4 |  5 |
	--------------------------
	|  6 | 19 | 12 | 17 |  8 |
	--------------------------
	| 11 |  9 | 23 | 14 | 18 |
	--------------------------
	| 16 | 24 | 10 |  7 | 15 |
	--------------------------
	|    | 21 | 22 | 13 | 20 |
	--------------------------

STEP 141: Move tile 21 to the left ⮜

	--------------------------
	|  1 |  2 |  3 |  4 |  5 |
	--------------------------
	|  6 | 19 | 12 | 17 |  8 |
	--------------------------
	| 11 |  9 | 23 | 14 | 18 |
	--------------------------
	| 16 | 24 | 10 |  7 | 15 |
	--------------------------
	| 21 |    | 22 | 13 | 20 |
	--------------------------

STEP 142: Move tile 24 down ⮟

	--------------------------
	|  1 |  2 |  3 |  4 |  5 |
	--------------------------
	|  6 | 19 | 12 | 17 |  8 |
	--------------------------
	| 11 |  9 | 23 | 14 | 18 |
	--------------------------
	| 16 |    | 10 |  7 | 15 |
	--------------------------
	| 21 | 24 | 22 | 13 | 20 |
	--------------------------

STEP 143: Move tile 9 down ⮟

	--------------------------
	|  1 |  2 |  3 |  4 |  5 |
	--------------------------
	|  6 | 19 | 12 | 17 |  8 |
	--------------------------
	| 11 |    | 23 | 14 | 18 |
	--------------------------
	| 16 |  9 | 10 |  7 | 15 |
	--------------------------
	| 21 | 24 | 22 | 13 | 20 |
	--------------------------

STEP 144: Move tile 23 to the left ⮜

	--------------------------
	|  1 |  2 |  3 |  4 |  5 |
	--------------------------
	|  6 | 19 | 12 | 17 |  8 |
	--------------------------
	| 11 | 23 |    | 14 | 18 |
	--------------------------
	| 16 |  9 | 10 |  7 | 15 |
	--------------------------
	| 21 | 24 | 22 | 13 | 20 |
	--------------------------

STEP 145: Move tile 14 to the left ⮜

	--------------------------
	|  1 |  2 |  3 |  4 |  5 |
	--------------------------
	|  6 | 19 | 12 | 17 |  8 |
	--------------------------
	| 11 | 23 | 14 |    | 18 |
	--------------------------
	| 16 |  9 | 10 |  7 | 15 |
	--------------------------
	| 21 | 24 | 22 | 13 | 20 |
	--------------------------

STEP 146: Move tile 7 up ⮝

	--------------------------
	|  1 |  2 |  3 |  4 |  5 |
	--------------------------
	|  6 | 19 | 12 | 17 |  8 |
	--------------------------
	| 11 | 23 | 14 |  7 | 18 |
	--------------------------
	| 16 |  9 | 10 |    | 15 |
	--------------------------
	| 21 | 24 | 22 | 13 | 20 |
	--------------------------

STEP 147: Move tile 10 to the right ⮞

	--------------------------
	|  1 |  2 |  3 |  4 |  5 |
	--------------------------
	|  6 | 19 | 12 | 17 |  8 |
	--------------------------
	| 11 | 23 | 14 |  7 | 18 |
	--------------------------
	| 16 |  9 |    | 10 | 15 |
	--------------------------
	| 21 | 24 | 22 | 13 | 20 |
	--------------------------

STEP 148: Move tile 14 down ⮟

	--------------------------
	|  1 |  2 |  3 |  4 |  5 |
	--------------------------
	|  6 | 19 | 12 | 17 |  8 |
	--------------------------
	| 11 | 23 |    |  7 | 18 |
	--------------------------
	| 16 |  9 | 14 | 10 | 15 |
	--------------------------
	| 21 | 24 | 22 | 13 | 20 |
	--------------------------

STEP 149: Move tile 12 down ⮟

	--------------------------
	|  1 |  2 |  3 |  4 |  5 |
	--------------------------
	|  6 | 19 |    | 17 |  8 |
	--------------------------
	| 11 | 23 | 12 |  7 | 18 |
	--------------------------
	| 16 |  9 | 14 | 10 | 15 |
	--------------------------
	| 21 | 24 | 22 | 13 | 20 |
	--------------------------

STEP 150: Move tile 17 to the left ⮜

	--------------------------
	|  1 |  2 |  3 |  4 |  5 |
	--------------------------
	|  6 | 19 | 17 |    |  8 |
	--------------------------
	| 11 | 23 | 12 |  7 | 18 |
	--------------------------
	| 16 |  9 | 14 | 10 | 15 |
	--------------------------
	| 21 | 24 | 22 | 13 | 20 |
	--------------------------

STEP 151: Move tile 7 up ⮝

	--------------------------
	|  1 |  2 |  3 |  4 |  5 |
	--------------------------
	|  6 | 19 | 17 |  7 |  8 |
	--------------------------
	| 11 | 23 | 12 |    | 18 |
	--------------------------
	| 16 |  9 | 14 | 10 | 15 |
	--------------------------
	| 21 | 24 | 22 | 13 | 20 |
	--------------------------

STEP 152: Move tile 12 to the right ⮞

	--------------------------
	|  1 |  2 |  3 |  4 |  5 |
	--------------------------
	|  6 | 19 | 17 |  7 |  8 |
	--------------------------
	| 11 | 23 |    | 12 | 18 |
	--------------------------
	| 16 |  9 | 14 | 10 | 15 |
	--------------------------
	| 21 | 24 | 22 | 13 | 20 |
	--------------------------

STEP 153: Move tile 17 down ⮟

	--------------------------
	|  1 |  2 |  3 |  4 |  5 |
	--------------------------
	|  6 | 19 |    |  7 |  8 |
	--------------------------
	| 11 | 23 | 17 | 12 | 18 |
	--------------------------
	| 16 |  9 | 14 | 10 | 15 |
	--------------------------
	| 21 | 24 | 22 | 13 | 20 |
	--------------------------

STEP 154: Move tile 7 to the left ⮜

	--------------------------
	|  1 |  2 |  3 |  4 |  5 |
	--------------------------
	|  6 | 19 |  7 |    |  8 |
	--------------------------
	| 11 | 23 | 17 | 12 | 18 |
	--------------------------
	| 16 |  9 | 14 | 10 | 15 |
	--------------------------
	| 21 | 24 | 22 | 13 | 20 |
	--------------------------

STEP 155: Move tile 12 up ⮝

	--------------------------
	|  1 |  2 |  3 |  4 |  5 |
	--------------------------
	|  6 | 19 |  7 | 12 |  8 |
	--------------------------
	| 11 | 23 | 17 |    | 18 |
	--------------------------
	| 16 |  9 | 14 | 10 | 15 |
	--------------------------
	| 21 | 24 | 22 | 13 | 20 |
	--------------------------

STEP 156: Move tile 17 to the right ⮞

	--------------------------
	|  1 |  2 |  3 |  4 |  5 |
	--------------------------
	|  6 | 19 |  7 | 12 |  8 |
	--------------------------
	| 11 | 23 |    | 17 | 18 |
	--------------------------
	| 16 |  9 | 14 | 10 | 15 |
	--------------------------
	| 21 | 24 | 22 | 13 | 20 |
	--------------------------

STEP 157: Move tile 23 to the right ⮞

	--------------------------
	|  1 |  2 |  3 |  4 |  5 |
	--------------------------
	|  6 | 19 |  7 | 12 |  8 |
	--------------------------
	| 11 |    | 23 | 17 | 18 |
	--------------------------
	| 16 |  9 | 14 | 10 | 15 |
	--------------------------
	| 21 | 24 | 22 | 13 | 20 |
	--------------------------

STEP 158: Move tile 19 down ⮟

	--------------------------
	|  1 |  2 |  3 |  4 |  5 |
	--------------------------
	|  6 |    |  7 | 12 |  8 |
	--------------------------
	| 11 | 19 | 23 | 17 | 18 |
	--------------------------
	| 16 |  9 | 14 | 10 | 15 |
	--------------------------
	| 21 | 24 | 22 | 13 | 20 |
	--------------------------

STEP 159: Move tile 7 to the left ⮜

	--------------------------
	|  1 |  2 |  3 |  4 |  5 |
	--------------------------
	|  6 |  7 |    | 12 |  8 |
	--------------------------
	| 11 | 19 | 23 | 17 | 18 |
	--------------------------
	| 16 |  9 | 14 | 10 | 15 |
	--------------------------
	| 21 | 24 | 22 | 13 | 20 |
	--------------------------

STEP 160: Move tile 12 to the left ⮜

	--------------------------
	|  1 |  2 |  3 |  4 |  5 |
	--------------------------
	|  6 |  7 | 12 |    |  8 |
	--------------------------
	| 11 | 19 | 23 | 17 | 18 |
	--------------------------
	| 16 |  9 | 14 | 10 | 15 |
	--------------------------
	| 21 | 24 | 22 | 13 | 20 |
	--------------------------

STEP 161: Move tile 8 to the left ⮜

	--------------------------
	|  1 |  2 |  3 |  4 |  5 |
	--------------------------
	|  6 |  7 | 12 |  8 |    |
	--------------------------
	| 11 | 19 | 23 | 17 | 18 |
	--------------------------
	| 16 |  9 | 14 | 10 | 15 |
	--------------------------
	| 21 | 24 | 22 | 13 | 20 |
	--------------------------

STEP 162: Move tile 18 up ⮝

	--------------------------
	|  1 |  2 |  3 |  4 |  5 |
	--------------------------
	|  6 |  7 | 12 |  8 | 18 |
	--------------------------
	| 11 | 19 | 23 | 17 |    |
	--------------------------
	| 16 |  9 | 14 | 10 | 15 |
	--------------------------
	| 21 | 24 | 22 | 13 | 20 |
	--------------------------

STEP 163: Move tile 17 to the right ⮞

	--------------------------
	|  1 |  2 |  3 |  4 |  5 |
	--------------------------
	|  6 |  7 | 12 |  8 | 18 |
	--------------------------
	| 11 | 19 | 23 |    | 17 |
	--------------------------
	| 16 |  9 | 14 | 10 | 15 |
	--------------------------
	| 21 | 24 | 22 | 13 | 20 |
	--------------------------

STEP 164: Move tile 23 to the right ⮞

	--------------------------
	|  1 |  2 |  3 |  4 |  5 |
	--------------------------
	|  6 |  7 | 12 |  8 | 18 |
	--------------------------
	| 11 | 19 |    | 23 | 17 |
	--------------------------
	| 16 |  9 | 14 | 10 | 15 |
	--------------------------
	| 21 | 24 | 22 | 13 | 20 |
	--------------------------

STEP 165: Move tile 12 down ⮟

	--------------------------
	|  1 |  2 |  3 |  4 |  5 |
	--------------------------
	|  6 |  7 |    |  8 | 18 |
	--------------------------
	| 11 | 19 | 12 | 23 | 17 |
	--------------------------
	| 16 |  9 | 14 | 10 | 15 |
	--------------------------
	| 21 | 24 | 22 | 13 | 20 |
	--------------------------

STEP 166: Move tile 8 to the left ⮜

	--------------------------
	|  1 |  2 |  3 |  4 |  5 |
	--------------------------
	|  6 |  7 |  8 |    | 18 |
	--------------------------
	| 11 | 19 | 12 | 23 | 17 |
	--------------------------
	| 16 |  9 | 14 | 10 | 15 |
	--------------------------
	| 21 | 24 | 22 | 13 | 20 |
	--------------------------

STEP 167: Move tile 23 up ⮝

	--------------------------
	|  1 |  2 |  3 |  4 |  5 |
	--------------------------
	|  6 |  7 |  8 | 23 | 18 |
	--------------------------
	| 11 | 19 | 12 |    | 17 |
	--------------------------
	| 16 |  9 | 14 | 10 | 15 |
	--------------------------
	| 21 | 24 | 22 | 13 | 20 |
	--------------------------

STEP 168: Move tile 12 to the right ⮞

	--------------------------
	|  1 |  2 |  3 |  4 |  5 |
	--------------------------
	|  6 |  7 |  8 | 23 | 18 |
	--------------------------
	| 11 | 19 |    | 12 | 17 |
	--------------------------
	| 16 |  9 | 14 | 10 | 15 |
	--------------------------
	| 21 | 24 | 22 | 13 | 20 |
	--------------------------

STEP 169: Move tile 19 to the right ⮞

	--------------------------
	|  1 |  2 |  3 |  4 |  5 |
	--------------------------
	|  6 |  7 |  8 | 23 | 18 |
	--------------------------
	| 11 |    | 19 | 12 | 17 |
	--------------------------
	| 16 |  9 | 14 | 10 | 15 |
	--------------------------
	| 21 | 24 | 22 | 13 | 20 |
	--------------------------

STEP 170: Move tile 9 up ⮝

	--------------------------
	|  1 |  2 |  3 |  4 |  5 |
	--------------------------
	|  6 |  7 |  8 | 23 | 18 |
	--------------------------
	| 11 |  9 | 19 | 12 | 17 |
	--------------------------
	| 16 |    | 14 | 10 | 15 |
	--------------------------
	| 21 | 24 | 22 | 13 | 20 |
	--------------------------

STEP 171: Move tile 14 to the left ⮜

	--------------------------
	|  1 |  2 |  3 |  4 |  5 |
	--------------------------
	|  6 |  7 |  8 | 23 | 18 |
	--------------------------
	| 11 |  9 | 19 | 12 | 17 |
	--------------------------
	| 16 | 14 |    | 10 | 15 |
	--------------------------
	| 21 | 24 | 22 | 13 | 20 |
	--------------------------

STEP 172: Move tile 19 down ⮟

	--------------------------
	|  1 |  2 |  3 |  4 |  5 |
	--------------------------
	|  6 |  7 |  8 | 23 | 18 |
	--------------------------
	| 11 |  9 |    | 12 | 17 |
	--------------------------
	| 16 | 14 | 19 | 10 | 15 |
	--------------------------
	| 21 | 24 | 22 | 13 | 20 |
	--------------------------

STEP 173: Move tile 9 to the right ⮞

	--------------------------
	|  1 |  2 |  3 |  4 |  5 |
	--------------------------
	|  6 |  7 |  8 | 23 | 18 |
	--------------------------
	| 11 |    |  9 | 12 | 17 |
	--------------------------
	| 16 | 14 | 19 | 10 | 15 |
	--------------------------
	| 21 | 24 | 22 | 13 | 20 |
	--------------------------

STEP 174: Move tile 14 up ⮝

	--------------------------
	|  1 |  2 |  3 |  4 |  5 |
	--------------------------
	|  6 |  7 |  8 | 23 | 18 |
	--------------------------
	| 11 | 14 |  9 | 12 | 17 |
	--------------------------
	| 16 |    | 19 | 10 | 15 |
	--------------------------
	| 21 | 24 | 22 | 13 | 20 |
	--------------------------

STEP 175: Move tile 19 to the left ⮜

	--------------------------
	|  1 |  2 |  3 |  4 |  5 |
	--------------------------
	|  6 |  7 |  8 | 23 | 18 |
	--------------------------
	| 11 | 14 |  9 | 12 | 17 |
	--------------------------
	| 16 | 19 |    | 10 | 15 |
	--------------------------
	| 21 | 24 | 22 | 13 | 20 |
	--------------------------

STEP 176: Move tile 10 to the left ⮜

	--------------------------
	|  1 |  2 |  3 |  4 |  5 |
	--------------------------
	|  6 |  7 |  8 | 23 | 18 |
	--------------------------
	| 11 | 14 |  9 | 12 | 17 |
	--------------------------
	| 16 | 19 | 10 |    | 15 |
	--------------------------
	| 21 | 24 | 22 | 13 | 20 |
	--------------------------

STEP 177: Move tile 12 down ⮟

	--------------------------
	|  1 |  2 |  3 |  4 |  5 |
	--------------------------
	|  6 |  7 |  8 | 23 | 18 |
	--------------------------
	| 11 | 14 |  9 |    | 17 |
	--------------------------
	| 16 | 19 | 10 | 12 | 15 |
	--------------------------
	| 21 | 24 | 22 | 13 | 20 |
	--------------------------

STEP 178: Move tile 9 to the right ⮞

	--------------------------
	|  1 |  2 |  3 |  4 |  5 |
	--------------------------
	|  6 |  7 |  8 | 23 | 18 |
	--------------------------
	| 11 | 14 |    |  9 | 17 |
	--------------------------
	| 16 | 19 | 10 | 12 | 15 |
	--------------------------
	| 21 | 24 | 22 | 13 | 20 |
	--------------------------

STEP 179: Move tile 10 up ⮝

	--------------------------
	|  1 |  2 |  3 |  4 |  5 |
	--------------------------
	|  6 |  7 |  8 | 23 | 18 |
	--------------------------
	| 11 | 14 | 10 |  9 | 17 |
	--------------------------
	| 16 | 19 |    | 12 | 15 |
	--------------------------
	| 21 | 24 | 22 | 13 | 20 |
	--------------------------

STEP 180: Move tile 12 to the left ⮜

	--------------------------
	|  1 |  2 |  3 |  4 |  5 |
	--------------------------
	|  6 |  7 |  8 | 23 | 18 |
	--------------------------
	| 11 | 14 | 10 |  9 | 17 |
	--------------------------
	| 16 | 19 | 12 |    | 15 |
	--------------------------
	| 21 | 24 | 22 | 13 | 20 |
	--------------------------

STEP 181: Move tile 15 to the left ⮜

	--------------------------
	|  1 |  2 |  3 |  4 |  5 |
	--------------------------
	|  6 |  7 |  8 | 23 | 18 |
	--------------------------
	| 11 | 14 | 10 |  9 | 17 |
	--------------------------
	| 16 | 19 | 12 | 15 |    |
	--------------------------
	| 21 | 24 | 22 | 13 | 20 |
	--------------------------

STEP 182: Move tile 17 down ⮟

	--------------------------
	|  1 |  2 |  3 |  4 |  5 |
	--------------------------
	|  6 |  7 |  8 | 23 | 18 |
	--------------------------
	| 11 | 14 | 10 |  9 |    |
	--------------------------
	| 16 | 19 | 12 | 15 | 17 |
	--------------------------
	| 21 | 24 | 22 | 13 | 20 |
	--------------------------

STEP 183: Move tile 18 down ⮟

	--------------------------
	|  1 |  2 |  3 |  4 |  5 |
	--------------------------
	|  6 |  7 |  8 | 23 |    |
	--------------------------
	| 11 | 14 | 10 |  9 | 18 |
	--------------------------
	| 16 | 19 | 12 | 15 | 17 |
	--------------------------
	| 21 | 24 | 22 | 13 | 20 |
	--------------------------

STEP 184: Move tile 23 to the right ⮞

	--------------------------
	|  1 |  2 |  3 |  4 |  5 |
	--------------------------
	|  6 |  7 |  8 |    | 23 |
	--------------------------
	| 11 | 14 | 10 |  9 | 18 |
	--------------------------
	| 16 | 19 | 12 | 15 | 17 |
	--------------------------
	| 21 | 24 | 22 | 13 | 20 |
	--------------------------

STEP 185: Move tile 9 up ⮝

	--------------------------
	|  1 |  2 |  3 |  4 |  5 |
	--------------------------
	|  6 |  7 |  8 |  9 | 23 |
	--------------------------
	| 11 | 14 | 10 |    | 18 |
	--------------------------
	| 16 | 19 | 12 | 15 | 17 |
	--------------------------
	| 21 | 24 | 22 | 13 | 20 |
	--------------------------

STEP 186: Move tile 18 to the left ⮜

	--------------------------
	|  1 |  2 |  3 |  4 |  5 |
	--------------------------
	|  6 |  7 |  8 |  9 | 23 |
	--------------------------
	| 11 | 14 | 10 | 18 |    |
	--------------------------
	| 16 | 19 | 12 | 15 | 17 |
	--------------------------
	| 21 | 24 | 22 | 13 | 20 |
	--------------------------

STEP 187: Move tile 23 down ⮟

	--------------------------
	|  1 |  2 |  3 |  4 |  5 |
	--------------------------
	|  6 |  7 |  8 |  9 |    |
	--------------------------
	| 11 | 14 | 10 | 18 | 23 |
	--------------------------
	| 16 | 19 | 12 | 15 | 17 |
	--------------------------
	| 21 | 24 | 22 | 13 | 20 |
	--------------------------

STEP 188: Move tile 9 to the right ⮞

	--------------------------
	|  1 |  2 |  3 |  4 |  5 |
	--------------------------
	|  6 |  7 |  8 |    |  9 |
	--------------------------
	| 11 | 14 | 10 | 18 | 23 |
	--------------------------
	| 16 | 19 | 12 | 15 | 17 |
	--------------------------
	| 21 | 24 | 22 | 13 | 20 |
	--------------------------

STEP 189: Move tile 18 up ⮝

	--------------------------
	|  1 |  2 |  3 |  4 |  5 |
	--------------------------
	|  6 |  7 |  8 | 18 |  9 |
	--------------------------
	| 11 | 14 | 10 |    | 23 |
	--------------------------
	| 16 | 19 | 12 | 15 | 17 |
	--------------------------
	| 21 | 24 | 22 | 13 | 20 |
	--------------------------

STEP 190: Move tile 10 to the right ⮞

	--------------------------
	|  1 |  2 |  3 |  4 |  5 |
	--------------------------
	|  6 |  7 |  8 | 18 |  9 |
	--------------------------
	| 11 | 14 |    | 10 | 23 |
	--------------------------
	| 16 | 19 | 12 | 15 | 17 |
	--------------------------
	| 21 | 24 | 22 | 13 | 20 |
	--------------------------

STEP 191: Move tile 12 up ⮝

	--------------------------
	|  1 |  2 |  3 |  4 |  5 |
	--------------------------
	|  6 |  7 |  8 | 18 |  9 |
	--------------------------
	| 11 | 14 | 12 | 10 | 23 |
	--------------------------
	| 16 | 19 |    | 15 | 17 |
	--------------------------
	| 21 | 24 | 22 | 13 | 20 |
	--------------------------

STEP 192: Move tile 15 to the left ⮜

	--------------------------
	|  1 |  2 |  3 |  4 |  5 |
	--------------------------
	|  6 |  7 |  8 | 18 |  9 |
	--------------------------
	| 11 | 14 | 12 | 10 | 23 |
	--------------------------
	| 16 | 19 | 15 |    | 17 |
	--------------------------
	| 21 | 24 | 22 | 13 | 20 |
	--------------------------

STEP 193: Move tile 17 to the left ⮜

	--------------------------
	|  1 |  2 |  3 |  4 |  5 |
	--------------------------
	|  6 |  7 |  8 | 18 |  9 |
	--------------------------
	| 11 | 14 | 12 | 10 | 23 |
	--------------------------
	| 16 | 19 | 15 | 17 |    |
	--------------------------
	| 21 | 24 | 22 | 13 | 20 |
	--------------------------

STEP 194: Move tile 23 down ⮟

	--------------------------
	|  1 |  2 |  3 |  4 |  5 |
	--------------------------
	|  6 |  7 |  8 | 18 |  9 |
	--------------------------
	| 11 | 14 | 12 | 10 |    |
	--------------------------
	| 16 | 19 | 15 | 17 | 23 |
	--------------------------
	| 21 | 24 | 22 | 13 | 20 |
	--------------------------

STEP 195: Move tile 10 to the right ⮞

	--------------------------
	|  1 |  2 |  3 |  4 |  5 |
	--------------------------
	|  6 |  7 |  8 | 18 |  9 |
	--------------------------
	| 11 | 14 | 12 |    | 10 |
	--------------------------
	| 16 | 19 | 15 | 17 | 23 |
	--------------------------
	| 21 | 24 | 22 | 13 | 20 |
	--------------------------

STEP 196: Move tile 18 down ⮟

	--------------------------
	|  1 |  2 |  3 |  4 |  5 |
	--------------------------
	|  6 |  7 |  8 |    |  9 |
	--------------------------
	| 11 | 14 | 12 | 18 | 10 |
	--------------------------
	| 16 | 19 | 15 | 17 | 23 |
	--------------------------
	| 21 | 24 | 22 | 13 | 20 |
	--------------------------

STEP 197: Move tile 9 to the left ⮜

	--------------------------
	|  1 |  2 |  3 |  4 |  5 |
	--------------------------
	|  6 |  7 |  8 |  9 |    |
	--------------------------
	| 11 | 14 | 12 | 18 | 10 |
	--------------------------
	| 16 | 19 | 15 | 17 | 23 |
	--------------------------
	| 21 | 24 | 22 | 13 | 20 |
	--------------------------

STEP 198: Move tile 10 up ⮝

	--------------------------
	|  1 |  2 |  3 |  4 |  5 |
	--------------------------
	|  6 |  7 |  8 |  9 | 10 |
	--------------------------
	| 11 | 14 | 12 | 18 |    |
	--------------------------
	| 16 | 19 | 15 | 17 | 23 |
	--------------------------
	| 21 | 24 | 22 | 13 | 20 |
	--------------------------

STEP 199: Move tile 18 to the right ⮞

	--------------------------
	|  1 |  2 |  3 |  4 |  5 |
	--------------------------
	|  6 |  7 |  8 |  9 | 10 |
	--------------------------
	| 11 | 14 | 12 |    | 18 |
	--------------------------
	| 16 | 19 | 15 | 17 | 23 |
	--------------------------
	| 21 | 24 | 22 | 13 | 20 |
	--------------------------

STEP 200: Move tile 17 up ⮝

	--------------------------
	|  1 |  2 |  3 |  4 |  5 |
	--------------------------
	|  6 |  7 |  8 |  9 | 10 |
	--------------------------
	| 11 | 14 | 12 | 17 | 18 |
	--------------------------
	| 16 | 19 | 15 |    | 23 |
	--------------------------
	| 21 | 24 | 22 | 13 | 20 |
	--------------------------

STEP 201: Move tile 15 to the right ⮞

	--------------------------
	|  1 |  2 |  3 |  4 |  5 |
	--------------------------
	|  6 |  7 |  8 |  9 | 10 |
	--------------------------
	| 11 | 14 | 12 | 17 | 18 |
	--------------------------
	| 16 | 19 |    | 15 | 23 |
	--------------------------
	| 21 | 24 | 22 | 13 | 20 |
	--------------------------

STEP 202: Move tile 19 to the right ⮞

	--------------------------
	|  1 |  2 |  3 |  4 |  5 |
	--------------------------
	|  6 |  7 |  8 |  9 | 10 |
	--------------------------
	| 11 | 14 | 12 | 17 | 18 |
	--------------------------
	| 16 |    | 19 | 15 | 23 |
	--------------------------
	| 21 | 24 | 22 | 13 | 20 |
	--------------------------

STEP 203: Move tile 14 down ⮟

	--------------------------
	|  1 |  2 |  3 |  4 |  5 |
	--------------------------
	|  6 |  7 |  8 |  9 | 10 |
	--------------------------
	| 11 |    | 12 | 17 | 18 |
	--------------------------
	| 16 | 14 | 19 | 15 | 23 |
	--------------------------
	| 21 | 24 | 22 | 13 | 20 |
	--------------------------

STEP 204: Move tile 12 to the left ⮜

	--------------------------
	|  1 |  2 |  3 |  4 |  5 |
	--------------------------
	|  6 |  7 |  8 |  9 | 10 |
	--------------------------
	| 11 | 12 |    | 17 | 18 |
	--------------------------
	| 16 | 14 | 19 | 15 | 23 |
	--------------------------
	| 21 | 24 | 22 | 13 | 20 |
	--------------------------

STEP 205: Move tile 19 up ⮝

	--------------------------
	|  1 |  2 |  3 |  4 |  5 |
	--------------------------
	|  6 |  7 |  8 |  9 | 10 |
	--------------------------
	| 11 | 12 | 19 | 17 | 18 |
	--------------------------
	| 16 | 14 |    | 15 | 23 |
	--------------------------
	| 21 | 24 | 22 | 13 | 20 |
	--------------------------

STEP 206: Move tile 22 up ⮝

	--------------------------
	|  1 |  2 |  3 |  4 |  5 |
	--------------------------
	|  6 |  7 |  8 |  9 | 10 |
	--------------------------
	| 11 | 12 | 19 | 17 | 18 |
	--------------------------
	| 16 | 14 | 22 | 15 | 23 |
	--------------------------
	| 21 | 24 |    | 13 | 20 |
	--------------------------

STEP 207: Move tile 13 to the left ⮜

	--------------------------
	|  1 |  2 |  3 |  4 |  5 |
	--------------------------
	|  6 |  7 |  8 |  9 | 10 |
	--------------------------
	| 11 | 12 | 19 | 17 | 18 |
	--------------------------
	| 16 | 14 | 22 | 15 | 23 |
	--------------------------
	| 21 | 24 | 13 |    | 20 |
	--------------------------

STEP 208: Move tile 15 down ⮟

	--------------------------
	|  1 |  2 |  3 |  4 |  5 |
	--------------------------
	|  6 |  7 |  8 |  9 | 10 |
	--------------------------
	| 11 | 12 | 19 | 17 | 18 |
	--------------------------
	| 16 | 14 | 22 |    | 23 |
	--------------------------
	| 21 | 24 | 13 | 15 | 20 |
	--------------------------

STEP 209: Move tile 22 to the right ⮞

	--------------------------
	|  1 |  2 |  3 |  4 |  5 |
	--------------------------
	|  6 |  7 |  8 |  9 | 10 |
	--------------------------
	| 11 | 12 | 19 | 17 | 18 |
	--------------------------
	| 16 | 14 |    | 22 | 23 |
	--------------------------
	| 21 | 24 | 13 | 15 | 20 |
	--------------------------

STEP 210: Move tile 22 to the left ⮜

	--------------------------
	|  1 |  2 |  3 |  4 |  5 |
	--------------------------
	|  6 |  7 |  8 |  9 | 10 |
	--------------------------
	| 11 | 12 | 19 | 17 | 18 |
	--------------------------
	| 16 | 14 | 22 |    | 23 |
	--------------------------
	| 21 | 24 | 13 | 15 | 20 |
	--------------------------

STEP 211: Move tile 17 down ⮟

	--------------------------
	|  1 |  2 |  3 |  4 |  5 |
	--------------------------
	|  6 |  7 |  8 |  9 | 10 |
	--------------------------
	| 11 | 12 | 19 |    | 18 |
	--------------------------
	| 16 | 14 | 22 | 17 | 23 |
	--------------------------
	| 21 | 24 | 13 | 15 | 20 |
	--------------------------

STEP 212: Move tile 19 to the right ⮞

	--------------------------
	|  1 |  2 |  3 |  4 |  5 |
	--------------------------
	|  6 |  7 |  8 |  9 | 10 |
	--------------------------
	| 11 | 12 |    | 19 | 18 |
	--------------------------
	| 16 | 14 | 22 | 17 | 23 |
	--------------------------
	| 21 | 24 | 13 | 15 | 20 |
	--------------------------

STEP 213: Move tile 22 up ⮝

	--------------------------
	|  1 |  2 |  3 |  4 |  5 |
	--------------------------
	|  6 |  7 |  8 |  9 | 10 |
	--------------------------
	| 11 | 12 | 22 | 19 | 18 |
	--------------------------
	| 16 | 14 |    | 17 | 23 |
	--------------------------
	| 21 | 24 | 13 | 15 | 20 |
	--------------------------

STEP 214: Move tile 13 up ⮝

	--------------------------
	|  1 |  2 |  3 |  4 |  5 |
	--------------------------
	|  6 |  7 |  8 |  9 | 10 |
	--------------------------
	| 11 | 12 | 22 | 19 | 18 |
	--------------------------
	| 16 | 14 | 13 | 17 | 23 |
	--------------------------
	| 21 | 24 |    | 15 | 20 |
	--------------------------

STEP 215: Move tile 15 to the left ⮜

	--------------------------
	|  1 |  2 |  3 |  4 |  5 |
	--------------------------
	|  6 |  7 |  8 |  9 | 10 |
	--------------------------
	| 11 | 12 | 22 | 19 | 18 |
	--------------------------
	| 16 | 14 | 13 | 17 | 23 |
	--------------------------
	| 21 | 24 | 15 |    | 20 |
	--------------------------

STEP 216: Move tile 17 down ⮟

	--------------------------
	|  1 |  2 |  3 |  4 |  5 |
	--------------------------
	|  6 |  7 |  8 |  9 | 10 |
	--------------------------
	| 11 | 12 | 22 | 19 | 18 |
	--------------------------
	| 16 | 14 | 13 |    | 23 |
	--------------------------
	| 21 | 24 | 15 | 17 | 20 |
	--------------------------

STEP 217: Move tile 13 to the right ⮞

	--------------------------
	|  1 |  2 |  3 |  4 |  5 |
	--------------------------
	|  6 |  7 |  8 |  9 | 10 |
	--------------------------
	| 11 | 12 | 22 | 19 | 18 |
	--------------------------
	| 16 | 14 |    | 13 | 23 |
	--------------------------
	| 21 | 24 | 15 | 17 | 20 |
	--------------------------

STEP 218: Move tile 15 up ⮝

	--------------------------
	|  1 |  2 |  3 |  4 |  5 |
	--------------------------
	|  6 |  7 |  8 |  9 | 10 |
	--------------------------
	| 11 | 12 | 22 | 19 | 18 |
	--------------------------
	| 16 | 14 | 15 | 13 | 23 |
	--------------------------
	| 21 | 24 |    | 17 | 20 |
	--------------------------

STEP 219: Move tile 17 to the left ⮜

	--------------------------
	|  1 |  2 |  3 |  4 |  5 |
	--------------------------
	|  6 |  7 |  8 |  9 | 10 |
	--------------------------
	| 11 | 12 | 22 | 19 | 18 |
	--------------------------
	| 16 | 14 | 15 | 13 | 23 |
	--------------------------
	| 21 | 24 | 17 |    | 20 |
	--------------------------

STEP 220: Move tile 13 down ⮟

	--------------------------
	|  1 |  2 |  3 |  4 |  5 |
	--------------------------
	|  6 |  7 |  8 |  9 | 10 |
	--------------------------
	| 11 | 12 | 22 | 19 | 18 |
	--------------------------
	| 16 | 14 | 15 |    | 23 |
	--------------------------
	| 21 | 24 | 17 | 13 | 20 |
	--------------------------

STEP 221: Move tile 15 to the right ⮞

	--------------------------
	|  1 |  2 |  3 |  4 |  5 |
	--------------------------
	|  6 |  7 |  8 |  9 | 10 |
	--------------------------
	| 11 | 12 | 22 | 19 | 18 |
	--------------------------
	| 16 | 14 |    | 15 | 23 |
	--------------------------
	| 21 | 24 | 17 | 13 | 20 |
	--------------------------

STEP 222: Move tile 14 to the right ⮞

	--------------------------
	|  1 |  2 |  3 |  4 |  5 |
	--------------------------
	|  6 |  7 |  8 |  9 | 10 |
	--------------------------
	| 11 | 12 | 22 | 19 | 18 |
	--------------------------
	| 16 |    | 14 | 15 | 23 |
	--------------------------
	| 21 | 24 | 17 | 13 | 20 |
	--------------------------

STEP 223: Move tile 24 up ⮝

	--------------------------
	|  1 |  2 |  3 |  4 |  5 |
	--------------------------
	|  6 |  7 |  8 |  9 | 10 |
	--------------------------
	| 11 | 12 | 22 | 19 | 18 |
	--------------------------
	| 16 | 24 | 14 | 15 | 23 |
	--------------------------
	| 21 |    | 17 | 13 | 20 |
	--------------------------

STEP 224: Move tile 17 to the left ⮜

	--------------------------
	|  1 |  2 |  3 |  4 |  5 |
	--------------------------
	|  6 |  7 |  8 |  9 | 10 |
	--------------------------
	| 11 | 12 | 22 | 19 | 18 |
	--------------------------
	| 16 | 24 | 14 | 15 | 23 |
	--------------------------
	| 21 | 17 |    | 13 | 20 |
	--------------------------

STEP 225: Move tile 14 down ⮟

	--------------------------
	|  1 |  2 |  3 |  4 |  5 |
	--------------------------
	|  6 |  7 |  8 |  9 | 10 |
	--------------------------
	| 11 | 12 | 22 | 19 | 18 |
	--------------------------
	| 16 | 24 |    | 15 | 23 |
	--------------------------
	| 21 | 17 | 14 | 13 | 20 |
	--------------------------

STEP 226: Move tile 22 down ⮟

	--------------------------
	|  1 |  2 |  3 |  4 |  5 |
	--------------------------
	|  6 |  7 |  8 |  9 | 10 |
	--------------------------
	| 11 | 12 |    | 19 | 18 |
	--------------------------
	| 16 | 24 | 22 | 15 | 23 |
	--------------------------
	| 21 | 17 | 14 | 13 | 20 |
	--------------------------

STEP 227: Move tile 19 to the left ⮜

	--------------------------
	|  1 |  2 |  3 |  4 |  5 |
	--------------------------
	|  6 |  7 |  8 |  9 | 10 |
	--------------------------
	| 11 | 12 | 19 |    | 18 |
	--------------------------
	| 16 | 24 | 22 | 15 | 23 |
	--------------------------
	| 21 | 17 | 14 | 13 | 20 |
	--------------------------

STEP 228: Move tile 15 up ⮝

	--------------------------
	|  1 |  2 |  3 |  4 |  5 |
	--------------------------
	|  6 |  7 |  8 |  9 | 10 |
	--------------------------
	| 11 | 12 | 19 | 15 | 18 |
	--------------------------
	| 16 | 24 | 22 |    | 23 |
	--------------------------
	| 21 | 17 | 14 | 13 | 20 |
	--------------------------

STEP 229: Move tile 13 up ⮝

	--------------------------
	|  1 |  2 |  3 |  4 |  5 |
	--------------------------
	|  6 |  7 |  8 |  9 | 10 |
	--------------------------
	| 11 | 12 | 19 | 15 | 18 |
	--------------------------
	| 16 | 24 | 22 | 13 | 23 |
	--------------------------
	| 21 | 17 | 14 |    | 20 |
	--------------------------

STEP 230: Move tile 14 to the right ⮞

	--------------------------
	|  1 |  2 |  3 |  4 |  5 |
	--------------------------
	|  6 |  7 |  8 |  9 | 10 |
	--------------------------
	| 11 | 12 | 19 | 15 | 18 |
	--------------------------
	| 16 | 24 | 22 | 13 | 23 |
	--------------------------
	| 21 | 17 |    | 14 | 20 |
	--------------------------

STEP 231: Move tile 22 down ⮟

	--------------------------
	|  1 |  2 |  3 |  4 |  5 |
	--------------------------
	|  6 |  7 |  8 |  9 | 10 |
	--------------------------
	| 11 | 12 | 19 | 15 | 18 |
	--------------------------
	| 16 | 24 |    | 13 | 23 |
	--------------------------
	| 21 | 17 | 22 | 14 | 20 |
	--------------------------

STEP 232: Move tile 24 to the right ⮞

	--------------------------
	|  1 |  2 |  3 |  4 |  5 |
	--------------------------
	|  6 |  7 |  8 |  9 | 10 |
	--------------------------
	| 11 | 12 | 19 | 15 | 18 |
	--------------------------
	| 16 |    | 24 | 13 | 23 |
	--------------------------
	| 21 | 17 | 22 | 14 | 20 |
	--------------------------

STEP 233: Move tile 17 up ⮝

	--------------------------
	|  1 |  2 |  3 |  4 |  5 |
	--------------------------
	|  6 |  7 |  8 |  9 | 10 |
	--------------------------
	| 11 | 12 | 19 | 15 | 18 |
	--------------------------
	| 16 | 17 | 24 | 13 | 23 |
	--------------------------
	| 21 |    | 22 | 14 | 20 |
	--------------------------

STEP 234: Move tile 22 to the left ⮜

	--------------------------
	|  1 |  2 |  3 |  4 |  5 |
	--------------------------
	|  6 |  7 |  8 |  9 | 10 |
	--------------------------
	| 11 | 12 | 19 | 15 | 18 |
	--------------------------
	| 16 | 17 | 24 | 13 | 23 |
	--------------------------
	| 21 | 22 |    | 14 | 20 |
	--------------------------

STEP 235: Move tile 24 down ⮟

	--------------------------
	|  1 |  2 |  3 |  4 |  5 |
	--------------------------
	|  6 |  7 |  8 |  9 | 10 |
	--------------------------
	| 11 | 12 | 19 | 15 | 18 |
	--------------------------
	| 16 | 17 |    | 13 | 23 |
	--------------------------
	| 21 | 22 | 24 | 14 | 20 |
	--------------------------

STEP 236: Move tile 19 down ⮟

	--------------------------
	|  1 |  2 |  3 |  4 |  5 |
	--------------------------
	|  6 |  7 |  8 |  9 | 10 |
	--------------------------
	| 11 | 12 |    | 15 | 18 |
	--------------------------
	| 16 | 17 | 19 | 13 | 23 |
	--------------------------
	| 21 | 22 | 24 | 14 | 20 |
	--------------------------

STEP 237: Move tile 15 to the left ⮜

	--------------------------
	|  1 |  2 |  3 |  4 |  5 |
	--------------------------
	|  6 |  7 |  8 |  9 | 10 |
	--------------------------
	| 11 | 12 | 15 |    | 18 |
	--------------------------
	| 16 | 17 | 19 | 13 | 23 |
	--------------------------
	| 21 | 22 | 24 | 14 | 20 |
	--------------------------

STEP 238: Move tile 13 up ⮝

	--------------------------
	|  1 |  2 |  3 |  4 |  5 |
	--------------------------
	|  6 |  7 |  8 |  9 | 10 |
	--------------------------
	| 11 | 12 | 15 | 13 | 18 |
	--------------------------
	| 16 | 17 | 19 |    | 23 |
	--------------------------
	| 21 | 22 | 24 | 14 | 20 |
	--------------------------

STEP 239: Move tile 19 to the right ⮞

	--------------------------
	|  1 |  2 |  3 |  4 |  5 |
	--------------------------
	|  6 |  7 |  8 |  9 | 10 |
	--------------------------
	| 11 | 12 | 15 | 13 | 18 |
	--------------------------
	| 16 | 17 |    | 19 | 23 |
	--------------------------
	| 21 | 22 | 24 | 14 | 20 |
	--------------------------

STEP 240: Move tile 15 down ⮟

	--------------------------
	|  1 |  2 |  3 |  4 |  5 |
	--------------------------
	|  6 |  7 |  8 |  9 | 10 |
	--------------------------
	| 11 | 12 |    | 13 | 18 |
	--------------------------
	| 16 | 17 | 15 | 19 | 23 |
	--------------------------
	| 21 | 22 | 24 | 14 | 20 |
	--------------------------

STEP 241: Move tile 13 to the left ⮜

	--------------------------
	|  1 |  2 |  3 |  4 |  5 |
	--------------------------
	|  6 |  7 |  8 |  9 | 10 |
	--------------------------
	| 11 | 12 | 13 |    | 18 |
	--------------------------
	| 16 | 17 | 15 | 19 | 23 |
	--------------------------
	| 21 | 22 | 24 | 14 | 20 |
	--------------------------

STEP 242: Move tile 19 up ⮝

	--------------------------
	|  1 |  2 |  3 |  4 |  5 |
	--------------------------
	|  6 |  7 |  8 |  9 | 10 |
	--------------------------
	| 11 | 12 | 13 | 19 | 18 |
	--------------------------
	| 16 | 17 | 15 |    | 23 |
	--------------------------
	| 21 | 22 | 24 | 14 | 20 |
	--------------------------

STEP 243: Move tile 14 up ⮝

	--------------------------
	|  1 |  2 |  3 |  4 |  5 |
	--------------------------
	|  6 |  7 |  8 |  9 | 10 |
	--------------------------
	| 11 | 12 | 13 | 19 | 18 |
	--------------------------
	| 16 | 17 | 15 | 14 | 23 |
	--------------------------
	| 21 | 22 | 24 |    | 20 |
	--------------------------

STEP 244: Move tile 24 to the right ⮞

	--------------------------
	|  1 |  2 |  3 |  4 |  5 |
	--------------------------
	|  6 |  7 |  8 |  9 | 10 |
	--------------------------
	| 11 | 12 | 13 | 19 | 18 |
	--------------------------
	| 16 | 17 | 15 | 14 | 23 |
	--------------------------
	| 21 | 22 |    | 24 | 20 |
	--------------------------

STEP 245: Move tile 15 down ⮟

	--------------------------
	|  1 |  2 |  3 |  4 |  5 |
	--------------------------
	|  6 |  7 |  8 |  9 | 10 |
	--------------------------
	| 11 | 12 | 13 | 19 | 18 |
	--------------------------
	| 16 | 17 |    | 14 | 23 |
	--------------------------
	| 21 | 22 | 15 | 24 | 20 |
	--------------------------

STEP 246: Move tile 14 to the left ⮜

	--------------------------
	|  1 |  2 |  3 |  4 |  5 |
	--------------------------
	|  6 |  7 |  8 |  9 | 10 |
	--------------------------
	| 11 | 12 | 13 | 19 | 18 |
	--------------------------
	| 16 | 17 | 14 |    | 23 |
	--------------------------
	| 21 | 22 | 15 | 24 | 20 |
	--------------------------

STEP 247: Move tile 24 up ⮝

	--------------------------
	|  1 |  2 |  3 |  4 |  5 |
	--------------------------
	|  6 |  7 |  8 |  9 | 10 |
	--------------------------
	| 11 | 12 | 13 | 19 | 18 |
	--------------------------
	| 16 | 17 | 14 | 24 | 23 |
	--------------------------
	| 21 | 22 | 15 |    | 20 |
	--------------------------

STEP 248: Move tile 15 to the right ⮞

	--------------------------
	|  1 |  2 |  3 |  4 |  5 |
	--------------------------
	|  6 |  7 |  8 |  9 | 10 |
	--------------------------
	| 11 | 12 | 13 | 19 | 18 |
	--------------------------
	| 16 | 17 | 14 | 24 | 23 |
	--------------------------
	| 21 | 22 |    | 15 | 20 |
	--------------------------

STEP 249: Move tile 14 down ⮟

	--------------------------
	|  1 |  2 |  3 |  4 |  5 |
	--------------------------
	|  6 |  7 |  8 |  9 | 10 |
	--------------------------
	| 11 | 12 | 13 | 19 | 18 |
	--------------------------
	| 16 | 17 |    | 24 | 23 |
	--------------------------
	| 21 | 22 | 14 | 15 | 20 |
	--------------------------

STEP 250: Move tile 24 to the left ⮜

	--------------------------
	|  1 |  2 |  3 |  4 |  5 |
	--------------------------
	|  6 |  7 |  8 |  9 | 10 |
	--------------------------
	| 11 | 12 | 13 | 19 | 18 |
	--------------------------
	| 16 | 17 | 24 |    | 23 |
	--------------------------
	| 21 | 22 | 14 | 15 | 20 |
	--------------------------

STEP 251: Move tile 23 to the left ⮜

	--------------------------
	|  1 |  2 |  3 |  4 |  5 |
	--------------------------
	|  6 |  7 |  8 |  9 | 10 |
	--------------------------
	| 11 | 12 | 13 | 19 | 18 |
	--------------------------
	| 16 | 17 | 24 | 23 |    |
	--------------------------
	| 21 | 22 | 14 | 15 | 20 |
	--------------------------

STEP 252: Move tile 20 up ⮝

	--------------------------
	|  1 |  2 |  3 |  4 |  5 |
	--------------------------
	|  6 |  7 |  8 |  9 | 10 |
	--------------------------
	| 11 | 12 | 13 | 19 | 18 |
	--------------------------
	| 16 | 17 | 24 | 23 | 20 |
	--------------------------
	| 21 | 22 | 14 | 15 |    |
	--------------------------

STEP 253: Move tile 15 to the right ⮞

	--------------------------
	|  1 |  2 |  3 |  4 |  5 |
	--------------------------
	|  6 |  7 |  8 |  9 | 10 |
	--------------------------
	| 11 | 12 | 13 | 19 | 18 |
	--------------------------
	| 16 | 17 | 24 | 23 | 20 |
	--------------------------
	| 21 | 22 | 14 |    | 15 |
	--------------------------

STEP 254: Move tile 23 down ⮟

	--------------------------
	|  1 |  2 |  3 |  4 |  5 |
	--------------------------
	|  6 |  7 |  8 |  9 | 10 |
	--------------------------
	| 11 | 12 | 13 | 19 | 18 |
	--------------------------
	| 16 | 17 | 24 |    | 20 |
	--------------------------
	| 21 | 22 | 14 | 23 | 15 |
	--------------------------

STEP 255: Move tile 24 to the right ⮞

	--------------------------
	|  1 |  2 |  3 |  4 |  5 |
	--------------------------
	|  6 |  7 |  8 |  9 | 10 |
	--------------------------
	| 11 | 12 | 13 | 19 | 18 |
	--------------------------
	| 16 | 17 |    | 24 | 20 |
	--------------------------
	| 21 | 22 | 14 | 23 | 15 |
	--------------------------

STEP 256: Move tile 14 up ⮝

	--------------------------
	|  1 |  2 |  3 |  4 |  5 |
	--------------------------
	|  6 |  7 |  8 |  9 | 10 |
	--------------------------
	| 11 | 12 | 13 | 19 | 18 |
	--------------------------
	| 16 | 17 | 14 | 24 | 20 |
	--------------------------
	| 21 | 22 |    | 23 | 15 |
	--------------------------

STEP 257: Move tile 23 to the left ⮜

	--------------------------
	|  1 |  2 |  3 |  4 |  5 |
	--------------------------
	|  6 |  7 |  8 |  9 | 10 |
	--------------------------
	| 11 | 12 | 13 | 19 | 18 |
	--------------------------
	| 16 | 17 | 14 | 24 | 20 |
	--------------------------
	| 21 | 22 | 23 |    | 15 |
	--------------------------

STEP 258: Move tile 24 down ⮟

	--------------------------
	|  1 |  2 |  3 |  4 |  5 |
	--------------------------
	|  6 |  7 |  8 |  9 | 10 |
	--------------------------
	| 11 | 12 | 13 | 19 | 18 |
	--------------------------
	| 16 | 17 | 14 |    | 20 |
	--------------------------
	| 21 | 22 | 23 | 24 | 15 |
	--------------------------

STEP 259: Move tile 14 to the right ⮞

	--------------------------
	|  1 |  2 |  3 |  4 |  5 |
	--------------------------
	|  6 |  7 |  8 |  9 | 10 |
	--------------------------
	| 11 | 12 | 13 | 19 | 18 |
	--------------------------
	| 16 | 17 |    | 14 | 20 |
	--------------------------
	| 21 | 22 | 23 | 24 | 15 |
	--------------------------

STEP 260: Move tile 23 up ⮝

	--------------------------
	|  1 |  2 |  3 |  4 |  5 |
	--------------------------
	|  6 |  7 |  8 |  9 | 10 |
	--------------------------
	| 11 | 12 | 13 | 19 | 18 |
	--------------------------
	| 16 | 17 | 23 | 14 | 20 |
	--------------------------
	| 21 | 22 |    | 24 | 15 |
	--------------------------

STEP 261: Move tile 24 to the left ⮜

	--------------------------
	|  1 |  2 |  3 |  4 |  5 |
	--------------------------
	|  6 |  7 |  8 |  9 | 10 |
	--------------------------
	| 11 | 12 | 13 | 19 | 18 |
	--------------------------
	| 16 | 17 | 23 | 14 | 20 |
	--------------------------
	| 21 | 22 | 24 |    | 15 |
	--------------------------

STEP 262: Move tile 15 to the left ⮜

	--------------------------
	|  1 |  2 |  3 |  4 |  5 |
	--------------------------
	|  6 |  7 |  8 |  9 | 10 |
	--------------------------
	| 11 | 12 | 13 | 19 | 18 |
	--------------------------
	| 16 | 17 | 23 | 14 | 20 |
	--------------------------
	| 21 | 22 | 24 | 15 |    |
	--------------------------

STEP 263: Move tile 20 down ⮟

	--------------------------
	|  1 |  2 |  3 |  4 |  5 |
	--------------------------
	|  6 |  7 |  8 |  9 | 10 |
	--------------------------
	| 11 | 12 | 13 | 19 | 18 |
	--------------------------
	| 16 | 17 | 23 | 14 |    |
	--------------------------
	| 21 | 22 | 24 | 15 | 20 |
	--------------------------

STEP 264: Move tile 18 down ⮟

	--------------------------
	|  1 |  2 |  3 |  4 |  5 |
	--------------------------
	|  6 |  7 |  8 |  9 | 10 |
	--------------------------
	| 11 | 12 | 13 | 19 |    |
	--------------------------
	| 16 | 17 | 23 | 14 | 18 |
	--------------------------
	| 21 | 22 | 24 | 15 | 20 |
	--------------------------

STEP 265: Move tile 19 to the right ⮞

	--------------------------
	|  1 |  2 |  3 |  4 |  5 |
	--------------------------
	|  6 |  7 |  8 |  9 | 10 |
	--------------------------
	| 11 | 12 | 13 |    | 19 |
	--------------------------
	| 16 | 17 | 23 | 14 | 18 |
	--------------------------
	| 21 | 22 | 24 | 15 | 20 |
	--------------------------

STEP 266: Move tile 14 up ⮝

	--------------------------
	|  1 |  2 |  3 |  4 |  5 |
	--------------------------
	|  6 |  7 |  8 |  9 | 10 |
	--------------------------
	| 11 | 12 | 13 | 14 | 19 |
	--------------------------
	| 16 | 17 | 23 |    | 18 |
	--------------------------
	| 21 | 22 | 24 | 15 | 20 |
	--------------------------

STEP 267: Move tile 18 to the left ⮜

	--------------------------
	|  1 |  2 |  3 |  4 |  5 |
	--------------------------
	|  6 |  7 |  8 |  9 | 10 |
	--------------------------
	| 11 | 12 | 13 | 14 | 19 |
	--------------------------
	| 16 | 17 | 23 | 18 |    |
	--------------------------
	| 21 | 22 | 24 | 15 | 20 |
	--------------------------

STEP 268: Move tile 19 down ⮟

	--------------------------
	|  1 |  2 |  3 |  4 |  5 |
	--------------------------
	|  6 |  7 |  8 |  9 | 10 |
	--------------------------
	| 11 | 12 | 13 | 14 |    |
	--------------------------
	| 16 | 17 | 23 | 18 | 19 |
	--------------------------
	| 21 | 22 | 24 | 15 | 20 |
	--------------------------

STEP 269: Move tile 14 to the right ⮞

	--------------------------
	|  1 |  2 |  3 |  4 |  5 |
	--------------------------
	|  6 |  7 |  8 |  9 | 10 |
	--------------------------
	| 11 | 12 | 13 |    | 14 |
	--------------------------
	| 16 | 17 | 23 | 18 | 19 |
	--------------------------
	| 21 | 22 | 24 | 15 | 20 |
	--------------------------

STEP 270: Move tile 18 up ⮝

	--------------------------
	|  1 |  2 |  3 |  4 |  5 |
	--------------------------
	|  6 |  7 |  8 |  9 | 10 |
	--------------------------
	| 11 | 12 | 13 | 18 | 14 |
	--------------------------
	| 16 | 17 | 23 |    | 19 |
	--------------------------
	| 21 | 22 | 24 | 15 | 20 |
	--------------------------

STEP 271: Move tile 15 up ⮝

	--------------------------
	|  1 |  2 |  3 |  4 |  5 |
	--------------------------
	|  6 |  7 |  8 |  9 | 10 |
	--------------------------
	| 11 | 12 | 13 | 18 | 14 |
	--------------------------
	| 16 | 17 | 23 | 15 | 19 |
	--------------------------
	| 21 | 22 | 24 |    | 20 |
	--------------------------

STEP 272: Move tile 20 to the left ⮜

	--------------------------
	|  1 |  2 |  3 |  4 |  5 |
	--------------------------
	|  6 |  7 |  8 |  9 | 10 |
	--------------------------
	| 11 | 12 | 13 | 18 | 14 |
	--------------------------
	| 16 | 17 | 23 | 15 | 19 |
	--------------------------
	| 21 | 22 | 24 | 20 |    |
	--------------------------

STEP 273: Move tile 19 down ⮟

	--------------------------
	|  1 |  2 |  3 |  4 |  5 |
	--------------------------
	|  6 |  7 |  8 |  9 | 10 |
	--------------------------
	| 11 | 12 | 13 | 18 | 14 |
	--------------------------
	| 16 | 17 | 23 | 15 |    |
	--------------------------
	| 21 | 22 | 24 | 20 | 19 |
	--------------------------

STEP 274: Move tile 15 to the right ⮞

	--------------------------
	|  1 |  2 |  3 |  4 |  5 |
	--------------------------
	|  6 |  7 |  8 |  9 | 10 |
	--------------------------
	| 11 | 12 | 13 | 18 | 14 |
	--------------------------
	| 16 | 17 | 23 |    | 15 |
	--------------------------
	| 21 | 22 | 24 | 20 | 19 |
	--------------------------

STEP 275: Move tile 18 down ⮟

	--------------------------
	|  1 |  2 |  3 |  4 |  5 |
	--------------------------
	|  6 |  7 |  8 |  9 | 10 |
	--------------------------
	| 11 | 12 | 13 |    | 14 |
	--------------------------
	| 16 | 17 | 23 | 18 | 15 |
	--------------------------
	| 21 | 22 | 24 | 20 | 19 |
	--------------------------

STEP 276: Move tile 14 to the left ⮜

	--------------------------
	|  1 |  2 |  3 |  4 |  5 |
	--------------------------
	|  6 |  7 |  8 |  9 | 10 |
	--------------------------
	| 11 | 12 | 13 | 14 |    |
	--------------------------
	| 16 | 17 | 23 | 18 | 15 |
	--------------------------
	| 21 | 22 | 24 | 20 | 19 |
	--------------------------

STEP 277: Move tile 15 up ⮝

	--------------------------
	|  1 |  2 |  3 |  4 |  5 |
	--------------------------
	|  6 |  7 |  8 |  9 | 10 |
	--------------------------
	| 11 | 12 | 13 | 14 | 15 |
	--------------------------
	| 16 | 17 | 23 | 18 |    |
	--------------------------
	| 21 | 22 | 24 | 20 | 19 |
	--------------------------

STEP 278: Move tile 19 up ⮝

	--------------------------
	|  1 |  2 |  3 |  4 |  5 |
	--------------------------
	|  6 |  7 |  8 |  9 | 10 |
	--------------------------
	| 11 | 12 | 13 | 14 | 15 |
	--------------------------
	| 16 | 17 | 23 | 18 | 19 |
	--------------------------
	| 21 | 22 | 24 | 20 |    |
	--------------------------

STEP 279: Move tile 20 to the right ⮞

	--------------------------
	|  1 |  2 |  3 |  4 |  5 |
	--------------------------
	|  6 |  7 |  8 |  9 | 10 |
	--------------------------
	| 11 | 12 | 13 | 14 | 15 |
	--------------------------
	| 16 | 17 | 23 | 18 | 19 |
	--------------------------
	| 21 | 22 | 24 |    | 20 |
	--------------------------

STEP 280: Move tile 24 to the right ⮞

	--------------------------
	|  1 |  2 |  3 |  4 |  5 |
	--------------------------
	|  6 |  7 |  8 |  9 | 10 |
	--------------------------
	| 11 | 12 | 13 | 14 | 15 |
	--------------------------
	| 16 | 17 | 23 | 18 | 19 |
	--------------------------
	| 21 | 22 |    | 24 | 20 |
	--------------------------

STEP 281: Move tile 23 down ⮟

	--------------------------
	|  1 |  2 |  3 |  4 |  5 |
	--------------------------
	|  6 |  7 |  8 |  9 | 10 |
	--------------------------
	| 11 | 12 | 13 | 14 | 15 |
	--------------------------
	| 16 | 17 |    | 18 | 19 |
	--------------------------
	| 21 | 22 | 23 | 24 | 20 |
	--------------------------

STEP 282: Move tile 18 to the left ⮜

	--------------------------
	|  1 |  2 |  3 |  4 |  5 |
	--------------------------
	|  6 |  7 |  8 |  9 | 10 |
	--------------------------
	| 11 | 12 | 13 | 14 | 15 |
	--------------------------
	| 16 | 17 | 18 |    | 19 |
	--------------------------
	| 21 | 22 | 23 | 24 | 20 |
	--------------------------

STEP 283: Move tile 19 to the left ⮜

	--------------------------
	|  1 |  2 |  3 |  4 |  5 |
	--------------------------
	|  6 |  7 |  8 |  9 | 10 |
	--------------------------
	| 11 | 12 | 13 | 14 | 15 |
	--------------------------
	| 16 | 17 | 18 | 19 |    |
	--------------------------
	| 21 | 22 | 23 | 24 | 20 |
	--------------------------

STEP 284: Move tile 20 up ⮝

	--------------------------
	|  1 |  2 |  3 |  4 |  5 |
	--------------------------
	|  6 |  7 |  8 |  9 | 10 |
	--------------------------
	| 11 | 12 | 13 | 14 | 15 |
	--------------------------
	| 16 | 17 | 18 | 19 | 20 |
	--------------------------
	| 21 | 22 | 23 | 24 |    |
	--------------------------

