
Initial board

	----------------
	|  4 |  3 |  1 |
	----------------
	|    |  7 |  2 |
	----------------
	|  8 |  5 |  6 |
	----------------

Tile 4 Down ⮟

	----------------
	|    |  3 |  1 |
	----------------
	|  4 |  7 |  2 |
	----------------
	|  8 |  5 |  6 |
	----------------

Tile 3 Left ⮜

	----------------
	|  3 |    |  1 |
	----------------
	|  4 |  7 |  2 |
	----------------
	|  8 |  5 |  6 |
	----------------

Tile 1 Left ⮜

	----------------
	|  3 |  1 |    |
	----------------
	|  4 |  7 |  2 |
	----------------
	|  8 |  5 |  6 |
	----------------

Tile 2 Up ⮝

	----------------
	|  3 |  1 |  2 |
	----------------
	|  4 |  7 |    |
	----------------
	|  8 |  5 |  6 |
	----------------

Tile 7 Right ⮞

	----------------
	|  3 |  1 |  2 |
	----------------
	|  4 |    |  7 |
	----------------
	|  8 |  5 |  6 |
	----------------

Tile 4 Right ⮞

	----------------
	|  3 |  1 |  2 |
	----------------
	|    |  4 |  7 |
	----------------
	|  8 |  5 |  6 |
	----------------

Tile 3 Down ⮟

	----------------
	|    |  1 |  2 |
	----------------
	|  3 |  4 |  7 |
	----------------
	|  8 |  5 |  6 |
	----------------

Tile 1 Left ⮜

	----------------
	|  1 |    |  2 |
	----------------
	|  3 |  4 |  7 |
	----------------
	|  8 |  5 |  6 |
	----------------

Tile 4 Up ⮝

	----------------
	|  1 |  4 |  2 |
	----------------
	|  3 |    |  7 |
	----------------
	|  8 |  5 |  6 |
	----------------

Tile 5 Up ⮝

	----------------
	|  1 |  4 |  2 |
	----------------
	|  3 |  5 |  7 |
	----------------
	|  8 |    |  6 |
	----------------

Tile 8 Right ⮞

	----------------
	|  1 |  4 |  2 |
	----------------
	|  3 |  5 |  7 |
	----------------
	|    |  8 |  6 |
	----------------

Tile 3 Down ⮟

	----------------
	|  1 |  4 |  2 |
	----------------
	|    |  5 |  7 |
	----------------
	|  3 |  8 |  6 |
	----------------

Tile 5 Left ⮜

	----------------
	|  1 |  4 |  2 |
	----------------
	|  5 |    |  7 |
	----------------
	|  3 |  8 |  6 |
	----------------

Tile 8 Up ⮝

	----------------
	|  1 |  4 |  2 |
	----------------
	|  5 |  8 |  7 |
	----------------
	|  3 |    |  6 |
	----------------

Tile 3 Right ⮞

	----------------
	|  1 |  4 |  2 |
	----------------
	|  5 |  8 |  7 |
	----------------
	|    |  3 |  6 |
	----------------

Tile 5 Down ⮟

	----------------
	|  1 |  4 |  2 |
	----------------
	|    |  8 |  7 |
	----------------
	|  5 |  3 |  6 |
	----------------

Tile 8 Left ⮜

	----------------
	|  1 |  4 |  2 |
	----------------
	|  8 |    |  7 |
	----------------
	|  5 |  3 |  6 |
	----------------

Tile 7 Left ⮜

	----------------
	|  1 |  4 |  2 |
	----------------
	|  8 |  7 |    |
	----------------
	|  5 |  3 |  6 |
	----------------

Tile 6 Up ⮝

	----------------
	|  1 |  4 |  2 |
	----------------
	|  8 |  7 |  6 |
	----------------
	|  5 |  3 |    |
	----------------

Tile 3 Right ⮞

	----------------
	|  1 |  4 |  2 |
	----------------
	|  8 |  7 |  6 |
	----------------
	|  5 |    |  3 |
	----------------

Tile 7 Down ⮟

	----------------
	|  1 |  4 |  2 |
	----------------
	|  8 |    |  6 |
	----------------
	|  5 |  7 |  3 |
	----------------

Tile 6 Left ⮜

	----------------
	|  1 |  4 |  2 |
	----------------
	|  8 |  6 |    |
	----------------
	|  5 |  7 |  3 |
	----------------

Tile 3 Up ⮝

	----------------
	|  1 |  4 |  2 |
	----------------
	|  8 |  6 |  3 |
	----------------
	|  5 |  7 |    |
	----------------

Tile 7 Right ⮞

	----------------
	|  1 |  4 |  2 |
	----------------
	|  8 |  6 |  3 |
	----------------
	|  5 |    |  7 |
	----------------

Tile 6 Down ⮟

	----------------
	|  1 |  4 |  2 |
	----------------
	|  8 |    |  3 |
	----------------
	|  5 |  6 |  7 |
	----------------

Tile 4 Down ⮟

	----------------
	|  1 |    |  2 |
	----------------
	|  8 |  4 |  3 |
	----------------
	|  5 |  6 |  7 |
	----------------

Tile 2 Left ⮜

	----------------
	|  1 |  2 |    |
	----------------
	|  8 |  4 |  3 |
	----------------
	|  5 |  6 |  7 |
	----------------

Tile 3 Up ⮝

	----------------
	|  1 |  2 |  3 |
	----------------
	|  8 |  4 |    |
	----------------
	|  5 |  6 |  7 |
	----------------

Tile 7 Up ⮝

	----------------
	|  1 |  2 |  3 |
	----------------
	|  8 |  4 |  7 |
	----------------
	|  5 |  6 |    |
	----------------

Tile 6 Right ⮞

	----------------
	|  1 |  2 |  3 |
	----------------
	|  8 |  4 |  7 |
	----------------
	|  5 |    |  6 |
	----------------

Tile 5 Right ⮞

	----------------
	|  1 |  2 |  3 |
	----------------
	|  8 |  4 |  7 |
	----------------
	|    |  5 |  6 |
	----------------

Tile 8 Down ⮟

	----------------
	|  1 |  2 |  3 |
	----------------
	|    |  4 |  7 |
	----------------
	|  8 |  5 |  6 |
	----------------

Tile 4 Left ⮜

	----------------
	|  1 |  2 |  3 |
	----------------
	|  4 |    |  7 |
	----------------
	|  8 |  5 |  6 |
	----------------

Tile 5 Up ⮝

	----------------
	|  1 |  2 |  3 |
	----------------
	|  4 |  5 |  7 |
	----------------
	|  8 |    |  6 |
	----------------

Tile 8 Right ⮞

	----------------
	|  1 |  2 |  3 |
	----------------
	|  4 |  5 |  7 |
	----------------
	|    |  8 |  6 |
	----------------

Tile 4 Down ⮟

	----------------
	|  1 |  2 |  3 |
	----------------
	|    |  5 |  7 |
	----------------
	|  4 |  8 |  6 |
	----------------

Tile 5 Left ⮜

	----------------
	|  1 |  2 |  3 |
	----------------
	|  5 |    |  7 |
	----------------
	|  4 |  8 |  6 |
	----------------

Tile 7 Left ⮜

	----------------
	|  1 |  2 |  3 |
	----------------
	|  5 |  7 |    |
	----------------
	|  4 |  8 |  6 |
	----------------

Tile 6 Up ⮝

	----------------
	|  1 |  2 |  3 |
	----------------
	|  5 |  7 |  6 |
	----------------
	|  4 |  8 |    |
	----------------

Tile 8 Right ⮞

	----------------
	|  1 |  2 |  3 |
	----------------
	|  5 |  7 |  6 |
	----------------
	|  4 |    |  8 |
	----------------

Tile 7 Down ⮟

	----------------
	|  1 |  2 |  3 |
	----------------
	|  5 |    |  6 |
	----------------
	|  4 |  7 |  8 |
	----------------

Tile 5 Right ⮞

	----------------
	|  1 |  2 |  3 |
	----------------
	|    |  5 |  6 |
	----------------
	|  4 |  7 |  8 |
	----------------

Tile 4 Up ⮝

	----------------
	|  1 |  2 |  3 |
	----------------
	|  4 |  5 |  6 |
	----------------
	|    |  7 |  8 |
	----------------

Tile 7 Left ⮜

	----------------
	|  1 |  2 |  3 |
	----------------
	|  4 |  5 |  6 |
	----------------
	|  7 |    |  8 |
	----------------

Tile 8 Left ⮜

	----------------
	|  1 |  2 |  3 |
	----------------
	|  4 |  5 |  6 |
	----------------
	|  7 |  8 |    |
	----------------

